<?xml version="1.0" encoding="UTF-8"?>
<robot generator="Robot 4.1 (Python 3.7.4 on win32)" generated="20211006 09:27:19.457" rpa="false" schemaversion="2">
<suite id="s1" name="TestCases" source="C:\Automação\Portal_Cliente_PF\TestCases">
<suite id="s1-s1" name="Odonto" source="C:\Automação\Portal_Cliente_PF\TestCases\Odonto">
<suite id="s1-s1-s1" name="Odonto" source="C:\Automação\Portal_Cliente_PF\TestCases\Odonto\odonto.robot">
<test id="s1-s1-s1-t1" name="Validar acesso a 2 Via de boleto via menu acesso rapido">
<kw name="Realizar login e maximizar a janela" library="resourceGeneral" type="SETUP">
<arg>Odonto</arg>
<kw name="Read Element Locator" library="resourceGeneral">
<var>${LinkClientePF}</var>
<arg>paginas[0].homeNaoLogado[0].linkClientePessoaFisica</arg>
<kw name="Read Locators From Json" library="locators">
<var>${result}</var>
<arg>${JsonPath}</arg>
<msg timestamp="20211006 09:27:20.148" level="INFO">${result} = //nav/a[1]</msg>
<status status="PASS" starttime="20211006 09:27:20.146" endtime="20211006 09:27:20.148"/>
</kw>
<msg timestamp="20211006 09:27:20.148" level="INFO">${LinkClientePF} = //nav/a[1]</msg>
<status status="PASS" starttime="20211006 09:27:20.145" endtime="20211006 09:27:20.148"/>
</kw>
<kw name="Read Element Locator" library="resourceGeneral">
<var>${campoCPF}</var>
<arg>paginas[0].loginCliente[0].campoDeTextoSeuCPF</arg>
<kw name="Read Locators From Json" library="locators">
<var>${result}</var>
<arg>${JsonPath}</arg>
<msg timestamp="20211006 09:27:20.149" level="INFO">${result} = loginInput</msg>
<status status="PASS" starttime="20211006 09:27:20.148" endtime="20211006 09:27:20.149"/>
</kw>
<msg timestamp="20211006 09:27:20.149" level="INFO">${campoCPF} = loginInput</msg>
<status status="PASS" starttime="20211006 09:27:20.148" endtime="20211006 09:27:20.149"/>
</kw>
<kw name="Read Element Locator" library="resourceGeneral">
<var>${campoSenha}</var>
<arg>paginas[0].loginCliente[1].campoDeTextoSuaSenha</arg>
<kw name="Read Locators From Json" library="locators">
<var>${result}</var>
<arg>${JsonPath}</arg>
<msg timestamp="20211006 09:27:20.151" level="INFO">${result} = senhaInput</msg>
<status status="PASS" starttime="20211006 09:27:20.150" endtime="20211006 09:27:20.151"/>
</kw>
<msg timestamp="20211006 09:27:20.151" level="INFO">${campoSenha} = senhaInput</msg>
<status status="PASS" starttime="20211006 09:27:20.150" endtime="20211006 09:27:20.151"/>
</kw>
<kw name="Read Element Locator" library="resourceGeneral">
<var>${botaoEntrar}</var>
<arg>paginas[0].loginCliente[2].botaoEntrar</arg>
<kw name="Read Locators From Json" library="locators">
<var>${result}</var>
<arg>${JsonPath}</arg>
<msg timestamp="20211006 09:27:20.152" level="INFO">${result} = //button[@type='submit']</msg>
<status status="PASS" starttime="20211006 09:27:20.151" endtime="20211006 09:27:20.152"/>
</kw>
<msg timestamp="20211006 09:27:20.152" level="INFO">${botaoEntrar} = //button[@type='submit']</msg>
<status status="PASS" starttime="20211006 09:27:20.151" endtime="20211006 09:27:20.152"/>
</kw>
<kw name="Get Username And Password" library="testdata">
<var>${CPFeSenha}</var>
<arg>${Segmento}</arg>
<msg timestamp="20211006 09:27:20.153" level="INFO">${CPFeSenha} = ['17083552860', 'Mig1971**']</msg>
<status status="PASS" starttime="20211006 09:27:20.152" endtime="20211006 09:27:20.153"/>
</kw>
<kw name="Get Url" library="testdata">
<var>${URL}</var>
<msg timestamp="20211006 09:27:20.153" level="INFO">${URL} = https://www.segurosunimed.com.br/</msg>
<status status="PASS" starttime="20211006 09:27:20.153" endtime="20211006 09:27:20.153"/>
</kw>
<kw name="Set Selenium Timeout" library="SeleniumLibrary">
<arg>45</arg>
<doc>Sets the timeout that is used by various keywords.</doc>
<status status="PASS" starttime="20211006 09:27:20.153" endtime="20211006 09:27:20.153"/>
</kw>
<kw name="Get Web Driver" library="webdrivers">
<var>${WebBrowser}</var>
<arg>Chrome</arg>
<msg timestamp="20211006 09:27:20.153" level="INFO">${WebBrowser} = C:/Automação/Portal_Cliente_PF/Webdrivers/chromedriver.exe</msg>
<status status="PASS" starttime="20211006 09:27:20.153" endtime="20211006 09:27:20.153"/>
</kw>
<kw name="Create Webdriver" library="SeleniumLibrary">
<arg>Chrome</arg>
<arg>executable_path=${WebBrowser}</arg>
<doc>Creates an instance of Selenium WebDriver.</doc>
<msg timestamp="20211006 09:27:20.154" level="INFO">Creating an instance of the Chrome WebDriver.</msg>
<status status="PASS" starttime="20211006 09:27:20.154" endtime="20211006 09:27:21.822"/>
</kw>
<kw name="Go To" library="SeleniumLibrary">
<arg>${URL}</arg>
<doc>Navigates the current browser window to the provided ``url``.</doc>
<msg timestamp="20211006 09:27:21.822" level="INFO">Opening url 'https://www.segurosunimed.com.br/'</msg>
<status status="PASS" starttime="20211006 09:27:21.822" endtime="20211006 09:27:28.240"/>
</kw>
<kw name="Maximize Browser Window" library="SeleniumLibrary">
<doc>Maximizes current browser window.</doc>
<status status="PASS" starttime="20211006 09:27:28.240" endtime="20211006 09:27:28.394"/>
</kw>
<kw name="Wait Until Element Is Visible" library="SeleniumLibrary">
<arg>${LinkClientePF}</arg>
<doc>Waits until the element ``locator`` is visible.</doc>
<status status="PASS" starttime="20211006 09:27:28.394" endtime="20211006 09:27:28.446"/>
</kw>
<kw name="Click Link" library="SeleniumLibrary">
<arg>${LinkClientePF}</arg>
<doc>Clicks a link identified by ``locator``.</doc>
<msg timestamp="20211006 09:27:28.447" level="INFO">Clicking link '//nav/a[1]'.</msg>
<status status="PASS" starttime="20211006 09:27:28.446" endtime="20211006 09:27:31.551"/>
</kw>
<kw name="Input Text" library="SeleniumLibrary">
<arg>${campoCPF}</arg>
<arg>${CPFeSenha[0]}</arg>
<doc>Types the given ``text`` into the text field identified by ``locator``.</doc>
<msg timestamp="20211006 09:27:31.553" level="INFO">Typing text '17083552860' into text field 'loginInput'.</msg>
<status status="PASS" starttime="20211006 09:27:31.552" endtime="20211006 09:27:31.773"/>
</kw>
<kw name="Input Text" library="SeleniumLibrary">
<arg>${campoSenha}</arg>
<arg>${CPFeSenha[1]}</arg>
<doc>Types the given ``text`` into the text field identified by ``locator``.</doc>
<msg timestamp="20211006 09:27:31.774" level="INFO">Typing text 'Mig1971**' into text field 'senhaInput'.</msg>
<status status="PASS" starttime="20211006 09:27:31.773" endtime="20211006 09:27:31.905"/>
</kw>
<kw name="Click Button" library="SeleniumLibrary">
<arg>${botaoEntrar}</arg>
<doc>Clicks the button identified by ``locator``.</doc>
<msg timestamp="20211006 09:27:31.906" level="INFO">Clicking button '//button[@type='submit']'.</msg>
<status status="PASS" starttime="20211006 09:27:31.906" endtime="20211006 09:27:32.020"/>
</kw>
<status status="PASS" starttime="20211006 09:27:20.145" endtime="20211006 09:27:32.020"/>
</kw>
<kw name="Dado que eu realize login com um segurado do segmento Odonto" library="resourceOdonto">
<var>${CTID}</var>
<arg>CT-01</arg>
<doc>Palavra chave utilizada em todos os casos de teste deste cenario</doc>
<kw name="Create Folder" library="folders">
<arg>Odonto</arg>
<arg>${CTID}</arg>
<status status="PASS" starttime="20211006 09:27:32.021" endtime="20211006 09:27:32.022"/>
</kw>
<kw name="Return Folder Path" library="folders">
<var>${FolderPath}</var>
<arg>Odonto</arg>
<arg>${CTID}</arg>
<msg timestamp="20211006 09:27:32.023" level="INFO">${FolderPath} = C:/Users/T01628/Documents/Projetos/2021/Meios de pagamento/Smoke//Odonto//CT-01</msg>
<status status="PASS" starttime="20211006 09:27:32.022" endtime="20211006 09:27:32.023"/>
</kw>
<kw name="Read Element Locator" library="resourceGeneral">
<var>${DivCardHeaderOdonto}</var>
<arg>paginas[0].homeLogado[0].meusProdutos[0].odonto[0].divCardHeader</arg>
<kw name="Read Locators From Json" library="locators">
<var>${result}</var>
<arg>${JsonPath}</arg>
<msg timestamp="20211006 09:27:32.025" level="INFO">${result} = //div[@class='card-header d-flex O']</msg>
<status status="PASS" starttime="20211006 09:27:32.023" endtime="20211006 09:27:32.025"/>
</kw>
<msg timestamp="20211006 09:27:32.025" level="INFO">${DivCardHeaderOdonto} = //div[@class='card-header d-flex O']</msg>
<status status="PASS" starttime="20211006 09:27:32.023" endtime="20211006 09:27:32.025"/>
</kw>
<kw name="Wait Until Element Is Visible" library="SeleniumLibrary">
<arg>${DivCardHeaderOdonto}</arg>
<doc>Waits until the element ``locator`` is visible.</doc>
<status status="PASS" starttime="20211006 09:27:32.025" endtime="20211006 09:27:41.707"/>
</kw>
<kw name="Get Current Date" library="DateTime">
<var>${data}</var>
<doc>Returns current local or UTC time with an optional increment.</doc>
<msg timestamp="20211006 09:27:41.708" level="INFO">${data} = 2021-10-06 09:27:41.708</msg>
<status status="PASS" starttime="20211006 09:27:41.708" endtime="20211006 09:27:41.708"/>
</kw>
<kw name="Format Data For Screenshot" library="externalkeywords">
<var>${data}</var>
<arg>${data}</arg>
<msg timestamp="20211006 09:27:41.708" level="INFO">${data} = 2021-10-06_09_27_41.708</msg>
<status status="PASS" starttime="20211006 09:27:41.708" endtime="20211006 09:27:41.708"/>
</kw>
<kw name="Capture Page Screenshot" library="SeleniumLibrary">
<arg>${FolderPath}//printRobot_01_${data}.png</arg>
<doc>Takes a screenshot of the current page and embeds it into a log file.</doc>
<msg timestamp="20211006 09:27:41.887" level="INFO" html="true">&lt;/td&gt;&lt;/tr&gt;&lt;tr&gt;&lt;td colspan="3"&gt;&lt;a href="../../../Users/T01628/Documents/Projetos/2021/Meios%20de%20pagamento/Smoke/Odonto/CT-01/printRobot_01_2021-10-06_09_27_41.708.png"&gt;&lt;img src="../../../Users/T01628/Documents/Projetos/2021/Meios%20de%20pagamento/Smoke/Odonto/CT-01/printRobot_01_2021-10-06_09_27_41.708.png" width="800px"&gt;&lt;/a&gt;</msg>
<status status="PASS" starttime="20211006 09:27:41.708" endtime="20211006 09:27:41.888"/>
</kw>
<msg timestamp="20211006 09:27:41.888" level="INFO">${CTID} = CT-01</msg>
<status status="PASS" starttime="20211006 09:27:32.020" endtime="20211006 09:27:41.888"/>
</kw>
<kw name="E clico na opcao 2 via de boleto no menu de acesso rapido" library="resourceOdonto">
<var>${CTID}</var>
<arg>${CTID}</arg>
<kw name="Read Element Locator" library="resourceGeneral">
<var>${Div2ViaDeBoleto}</var>
<arg>paginas[0].homeLogado[0].menuAcessoRapido[0].2ViaDeBoleto</arg>
<kw name="Read Locators From Json" library="locators">
<var>${result}</var>
<arg>${JsonPath}</arg>
<msg timestamp="20211006 09:27:41.891" level="INFO">${result} = //div[text()=' 2ª Via de Boleto ']</msg>
<status status="PASS" starttime="20211006 09:27:41.890" endtime="20211006 09:27:41.891"/>
</kw>
<msg timestamp="20211006 09:27:41.891" level="INFO">${Div2ViaDeBoleto} = //div[text()=' 2ª Via de Boleto ']</msg>
<status status="PASS" starttime="20211006 09:27:41.889" endtime="20211006 09:27:41.891"/>
</kw>
<kw name="Return Folder Path" library="folders">
<var>${FolderPath}</var>
<arg>Odonto</arg>
<arg>${CTID}</arg>
<msg timestamp="20211006 09:27:41.892" level="INFO">${FolderPath} = C:/Users/T01628/Documents/Projetos/2021/Meios de pagamento/Smoke//Odonto//CT-01</msg>
<status status="PASS" starttime="20211006 09:27:41.891" endtime="20211006 09:27:41.892"/>
</kw>
<kw name="Get Current Date" library="DateTime">
<var>${data}</var>
<doc>Returns current local or UTC time with an optional increment.</doc>
<msg timestamp="20211006 09:27:41.892" level="INFO">${data} = 2021-10-06 09:27:41.892</msg>
<status status="PASS" starttime="20211006 09:27:41.892" endtime="20211006 09:27:41.892"/>
</kw>
<kw name="Format Data For Screenshot" library="externalkeywords">
<var>${data}</var>
<arg>${data}</arg>
<msg timestamp="20211006 09:27:41.893" level="INFO">${data} = 2021-10-06_09_27_41.892</msg>
<status status="PASS" starttime="20211006 09:27:41.892" endtime="20211006 09:27:41.893"/>
</kw>
<kw name="Capture Page Screenshot" library="SeleniumLibrary">
<arg>${FolderPath}//printRobot_02_${data}.png</arg>
<doc>Takes a screenshot of the current page and embeds it into a log file.</doc>
<msg timestamp="20211006 09:27:42.073" level="INFO" html="true">&lt;/td&gt;&lt;/tr&gt;&lt;tr&gt;&lt;td colspan="3"&gt;&lt;a href="../../../Users/T01628/Documents/Projetos/2021/Meios%20de%20pagamento/Smoke/Odonto/CT-01/printRobot_02_2021-10-06_09_27_41.892.png"&gt;&lt;img src="../../../Users/T01628/Documents/Projetos/2021/Meios%20de%20pagamento/Smoke/Odonto/CT-01/printRobot_02_2021-10-06_09_27_41.892.png" width="800px"&gt;&lt;/a&gt;</msg>
<status status="PASS" starttime="20211006 09:27:41.893" endtime="20211006 09:27:42.074"/>
</kw>
<kw name="Click Element" library="SeleniumLibrary">
<arg>${Div2ViaDeBoleto}</arg>
<doc>Click the element identified by ``locator``.</doc>
<msg timestamp="20211006 09:27:42.074" level="INFO">Clicking element '//div[text()=' 2ª Via de Boleto ']'.</msg>
<status status="PASS" starttime="20211006 09:27:42.074" endtime="20211006 09:27:42.167"/>
</kw>
<msg timestamp="20211006 09:27:42.167" level="INFO">${CTID} = CT-01</msg>
<status status="PASS" starttime="20211006 09:27:41.889" endtime="20211006 09:27:42.167"/>
</kw>
<kw name="E seleciono o segmento Odonto, um produto e confirmo" library="resourceOdonto">
<var>${CTID}</var>
<arg>${CTID}</arg>
<kw name="Read Element Locator" library="resourceGeneral">
<var>${SelectSegmento}</var>
<arg>paginas[1].modais[3].modalSelecionarProduto[0].selectSegmento</arg>
<kw name="Read Locators From Json" library="locators">
<var>${result}</var>
<arg>${JsonPath}</arg>
<msg timestamp="20211006 09:27:42.170" level="INFO">${result} = segmentSelect</msg>
<status status="PASS" starttime="20211006 09:27:42.169" endtime="20211006 09:27:42.170"/>
</kw>
<msg timestamp="20211006 09:27:42.170" level="INFO">${SelectSegmento} = segmentSelect</msg>
<status status="PASS" starttime="20211006 09:27:42.168" endtime="20211006 09:27:42.170"/>
</kw>
<kw name="Read Element Locator" library="resourceGeneral">
<var>${SelectProduto}</var>
<arg>paginas[1].modais[3].modalSelecionarProduto[1].selectProduto</arg>
<kw name="Read Locators From Json" library="locators">
<var>${result}</var>
<arg>${JsonPath}</arg>
<msg timestamp="20211006 09:27:42.171" level="INFO">${result} = productSelect</msg>
<status status="PASS" starttime="20211006 09:27:42.170" endtime="20211006 09:27:42.171"/>
</kw>
<msg timestamp="20211006 09:27:42.172" level="INFO">${SelectProduto} = productSelect</msg>
<status status="PASS" starttime="20211006 09:27:42.170" endtime="20211006 09:27:42.172"/>
</kw>
<kw name="Read Element Locator" library="resourceGeneral">
<var>${BotaoConfirmar}</var>
<arg>paginas[1].modais[3].modalSelecionarProduto[2].botaoConfirmar</arg>
<kw name="Read Locators From Json" library="locators">
<var>${result}</var>
<arg>${JsonPath}</arg>
<msg timestamp="20211006 09:27:42.173" level="INFO">${result} = //button[text()='Confirmar']</msg>
<status status="PASS" starttime="20211006 09:27:42.172" endtime="20211006 09:27:42.173"/>
</kw>
<msg timestamp="20211006 09:27:42.173" level="INFO">${BotaoConfirmar} = //button[text()='Confirmar']</msg>
<status status="PASS" starttime="20211006 09:27:42.172" endtime="20211006 09:27:42.173"/>
</kw>
<kw name="Return Folder Path" library="folders">
<var>${FolderPath}</var>
<arg>Odonto</arg>
<arg>${CTID}</arg>
<msg timestamp="20211006 09:27:42.174" level="INFO">${FolderPath} = C:/Users/T01628/Documents/Projetos/2021/Meios de pagamento/Smoke//Odonto//CT-01</msg>
<status status="PASS" starttime="20211006 09:27:42.174" endtime="20211006 09:27:42.174"/>
</kw>
<kw name="Get Current Date" library="DateTime">
<var>${data}</var>
<doc>Returns current local or UTC time with an optional increment.</doc>
<msg timestamp="20211006 09:27:42.174" level="INFO">${data} = 2021-10-06 09:27:42.174</msg>
<status status="PASS" starttime="20211006 09:27:42.174" endtime="20211006 09:27:42.175"/>
</kw>
<kw name="Format Data For Screenshot" library="externalkeywords">
<var>${data}</var>
<arg>${data}</arg>
<msg timestamp="20211006 09:27:42.175" level="INFO">${data} = 2021-10-06_09_27_42.174</msg>
<status status="PASS" starttime="20211006 09:27:42.175" endtime="20211006 09:27:42.175"/>
</kw>
<kw name="Wait Until Element Is Visible" library="SeleniumLibrary">
<arg>${SelectSegmento}</arg>
<doc>Waits until the element ``locator`` is visible.</doc>
<status status="PASS" starttime="20211006 09:27:42.176" endtime="20211006 09:27:42.508"/>
</kw>
<kw name="Select From List By Label" library="SeleniumLibrary">
<arg>${SelectSegmento}</arg>
<arg>Odonto</arg>
<doc>Selects options from selection list ``locator`` by ``labels``.</doc>
<msg timestamp="20211006 09:27:42.508" level="INFO">Selecting options from selection list 'segmentSelect' by label Odonto.</msg>
<status status="PASS" starttime="20211006 09:27:42.508" endtime="20211006 09:27:42.617"/>
</kw>
<kw name="Wait Until Element Is Enabled" library="SeleniumLibrary">
<arg>${SelectProduto}</arg>
<doc>Waits until the element ``locator`` is enabled.</doc>
<status status="PASS" starttime="20211006 09:27:42.617" endtime="20211006 09:27:42.658"/>
</kw>
<kw name="Select From List By Index" library="SeleniumLibrary">
<arg>${SelectProduto}</arg>
<arg>1</arg>
<doc>Selects options from selection list ``locator`` by ``indexes``.</doc>
<msg timestamp="20211006 09:27:42.658" level="INFO">Selecting options from selection list 'productSelect' by index 1.</msg>
<status status="PASS" starttime="20211006 09:27:42.658" endtime="20211006 09:27:42.767"/>
</kw>
<kw name="Capture Page Screenshot" library="SeleniumLibrary">
<arg>${FolderPath}//printRobot_03_${data}.png</arg>
<doc>Takes a screenshot of the current page and embeds it into a log file.</doc>
<msg timestamp="20211006 09:27:42.978" level="INFO" html="true">&lt;/td&gt;&lt;/tr&gt;&lt;tr&gt;&lt;td colspan="3"&gt;&lt;a href="../../../Users/T01628/Documents/Projetos/2021/Meios%20de%20pagamento/Smoke/Odonto/CT-01/printRobot_03_2021-10-06_09_27_42.174.png"&gt;&lt;img src="../../../Users/T01628/Documents/Projetos/2021/Meios%20de%20pagamento/Smoke/Odonto/CT-01/printRobot_03_2021-10-06_09_27_42.174.png" width="800px"&gt;&lt;/a&gt;</msg>
<status status="PASS" starttime="20211006 09:27:42.768" endtime="20211006 09:27:42.978"/>
</kw>
<kw name="Click Button" library="SeleniumLibrary">
<arg>${BotaoConfirmar}</arg>
<doc>Clicks the button identified by ``locator``.</doc>
<msg timestamp="20211006 09:27:42.978" level="INFO">Clicking button '//button[text()='Confirmar']'.</msg>
<status status="PASS" starttime="20211006 09:27:42.978" endtime="20211006 09:27:43.068"/>
</kw>
<msg timestamp="20211006 09:27:43.068" level="INFO">${CTID} = CT-01</msg>
<status status="PASS" starttime="20211006 09:27:42.168" endtime="20211006 09:27:43.068"/>
</kw>
<kw name="Entao o site redireciona para a pagina de 2 via de boleto" library="resourceOdonto">
<arg>${CTID}</arg>
<doc>Palavra chave utilizada em mais de um caso de teste</doc>
<kw name="Read Element Locator" library="resourceGeneral">
<var>${Span2ViaDeBoleto}</var>
<arg>paginas[0].paginaDoSegmento[0].odonto[3].2ViaDeBoleto[0].span2ViaDeBoleto</arg>
<kw name="Read Locators From Json" library="locators">
<var>${result}</var>
<arg>${JsonPath}</arg>
<msg timestamp="20211006 09:27:43.070" level="INFO">${result} = //span[text()=' 2ª Via de Boleto ']</msg>
<status status="PASS" starttime="20211006 09:27:43.069" endtime="20211006 09:27:43.070"/>
</kw>
<msg timestamp="20211006 09:27:43.070" level="INFO">${Span2ViaDeBoleto} = //span[text()=' 2ª Via de Boleto ']</msg>
<status status="PASS" starttime="20211006 09:27:43.069" endtime="20211006 09:27:43.071"/>
</kw>
<kw name="Return Folder Path" library="folders">
<var>${FolderPath}</var>
<arg>Odonto</arg>
<arg>${CTID}</arg>
<msg timestamp="20211006 09:27:43.071" level="INFO">${FolderPath} = C:/Users/T01628/Documents/Projetos/2021/Meios de pagamento/Smoke//Odonto//CT-01</msg>
<status status="PASS" starttime="20211006 09:27:43.071" endtime="20211006 09:27:43.071"/>
</kw>
<kw name="Get Current Date" library="DateTime">
<var>${data}</var>
<doc>Returns current local or UTC time with an optional increment.</doc>
<msg timestamp="20211006 09:27:43.071" level="INFO">${data} = 2021-10-06 09:27:43.071</msg>
<status status="PASS" starttime="20211006 09:27:43.071" endtime="20211006 09:27:43.071"/>
</kw>
<kw name="Format Data For Screenshot" library="externalkeywords">
<var>${data}</var>
<arg>${data}</arg>
<msg timestamp="20211006 09:27:43.072" level="INFO">${data} = 2021-10-06_09_27_43.071</msg>
<status status="PASS" starttime="20211006 09:27:43.071" endtime="20211006 09:27:43.072"/>
</kw>
<kw name="Wait Until Element Is Enabled" library="SeleniumLibrary">
<arg>${Span2ViaDeBoleto}</arg>
<doc>Waits until the element ``locator`` is enabled.</doc>
<status status="PASS" starttime="20211006 09:27:43.072" endtime="20211006 09:27:43.317"/>
</kw>
<kw name="Page Should Contain Element" library="SeleniumLibrary">
<arg>${Span2ViaDeBoleto}</arg>
<doc>Verifies that element ``locator`` is found on the current page.</doc>
<msg timestamp="20211006 09:27:43.324" level="INFO">Current page contains element '//span[text()=' 2ª Via de Boleto ']'.</msg>
<status status="PASS" starttime="20211006 09:27:43.317" endtime="20211006 09:27:43.324"/>
</kw>
<kw name="Capture Page Screenshot" library="SeleniumLibrary">
<arg>${FolderPath}//printRobot_04_${data}.png</arg>
<doc>Takes a screenshot of the current page and embeds it into a log file.</doc>
<msg timestamp="20211006 09:27:43.505" level="INFO" html="true">&lt;/td&gt;&lt;/tr&gt;&lt;tr&gt;&lt;td colspan="3"&gt;&lt;a href="../../../Users/T01628/Documents/Projetos/2021/Meios%20de%20pagamento/Smoke/Odonto/CT-01/printRobot_04_2021-10-06_09_27_43.071.png"&gt;&lt;img src="../../../Users/T01628/Documents/Projetos/2021/Meios%20de%20pagamento/Smoke/Odonto/CT-01/printRobot_04_2021-10-06_09_27_43.071.png" width="800px"&gt;&lt;/a&gt;</msg>
<status status="PASS" starttime="20211006 09:27:43.324" endtime="20211006 09:27:43.505"/>
</kw>
<status status="PASS" starttime="20211006 09:27:43.069" endtime="20211006 09:27:43.506"/>
</kw>
<kw name="Close Browser" library="SeleniumLibrary" type="TEARDOWN">
<doc>Closes the current browser.</doc>
<status status="PASS" starttime="20211006 09:27:43.506" endtime="20211006 09:27:45.781"/>
</kw>
<tag>CT01</tag>
<tag>RegressivoFull</tag>
<tag>RegressivoOdonto</tag>
<tag>Smoke</tag>
<tag>SmokeOdonto</tag>
<status status="PASS" starttime="20211006 09:27:20.144" endtime="20211006 09:27:45.782"/>
</test>
<test id="s1-s1-s1-t2" name="Validar acesso ao Informe de Rendimentos via menu acesso rapido">
<kw name="Realizar login e maximizar a janela" library="resourceGeneral" type="SETUP">
<arg>Odonto</arg>
<kw name="Read Element Locator" library="resourceGeneral">
<var>${LinkClientePF}</var>
<arg>paginas[0].homeNaoLogado[0].linkClientePessoaFisica</arg>
<kw name="Read Locators From Json" library="locators">
<var>${result}</var>
<arg>${JsonPath}</arg>
<msg timestamp="20211006 09:27:45.786" level="INFO">${result} = //nav/a[1]</msg>
<status status="PASS" starttime="20211006 09:27:45.785" endtime="20211006 09:27:45.786"/>
</kw>
<msg timestamp="20211006 09:27:45.787" level="INFO">${LinkClientePF} = //nav/a[1]</msg>
<status status="PASS" starttime="20211006 09:27:45.785" endtime="20211006 09:27:45.787"/>
</kw>
<kw name="Read Element Locator" library="resourceGeneral">
<var>${campoCPF}</var>
<arg>paginas[0].loginCliente[0].campoDeTextoSeuCPF</arg>
<kw name="Read Locators From Json" library="locators">
<var>${result}</var>
<arg>${JsonPath}</arg>
<msg timestamp="20211006 09:27:45.788" level="INFO">${result} = loginInput</msg>
<status status="PASS" starttime="20211006 09:27:45.787" endtime="20211006 09:27:45.788"/>
</kw>
<msg timestamp="20211006 09:27:45.788" level="INFO">${campoCPF} = loginInput</msg>
<status status="PASS" starttime="20211006 09:27:45.787" endtime="20211006 09:27:45.788"/>
</kw>
<kw name="Read Element Locator" library="resourceGeneral">
<var>${campoSenha}</var>
<arg>paginas[0].loginCliente[1].campoDeTextoSuaSenha</arg>
<kw name="Read Locators From Json" library="locators">
<var>${result}</var>
<arg>${JsonPath}</arg>
<msg timestamp="20211006 09:27:45.790" level="INFO">${result} = senhaInput</msg>
<status status="PASS" starttime="20211006 09:27:45.789" endtime="20211006 09:27:45.790"/>
</kw>
<msg timestamp="20211006 09:27:45.790" level="INFO">${campoSenha} = senhaInput</msg>
<status status="PASS" starttime="20211006 09:27:45.789" endtime="20211006 09:27:45.790"/>
</kw>
<kw name="Read Element Locator" library="resourceGeneral">
<var>${botaoEntrar}</var>
<arg>paginas[0].loginCliente[2].botaoEntrar</arg>
<kw name="Read Locators From Json" library="locators">
<var>${result}</var>
<arg>${JsonPath}</arg>
<msg timestamp="20211006 09:27:45.792" level="INFO">${result} = //button[@type='submit']</msg>
<status status="PASS" starttime="20211006 09:27:45.791" endtime="20211006 09:27:45.792"/>
</kw>
<msg timestamp="20211006 09:27:45.792" level="INFO">${botaoEntrar} = //button[@type='submit']</msg>
<status status="PASS" starttime="20211006 09:27:45.790" endtime="20211006 09:27:45.792"/>
</kw>
<kw name="Get Username And Password" library="testdata">
<var>${CPFeSenha}</var>
<arg>${Segmento}</arg>
<msg timestamp="20211006 09:27:45.792" level="INFO">${CPFeSenha} = ['17083552860', 'Mig1971**']</msg>
<status status="PASS" starttime="20211006 09:27:45.792" endtime="20211006 09:27:45.792"/>
</kw>
<kw name="Get Url" library="testdata">
<var>${URL}</var>
<msg timestamp="20211006 09:27:45.793" level="INFO">${URL} = https://www.segurosunimed.com.br/</msg>
<status status="PASS" starttime="20211006 09:27:45.793" endtime="20211006 09:27:45.793"/>
</kw>
<kw name="Set Selenium Timeout" library="SeleniumLibrary">
<arg>45</arg>
<doc>Sets the timeout that is used by various keywords.</doc>
<status status="PASS" starttime="20211006 09:27:45.793" endtime="20211006 09:27:45.793"/>
</kw>
<kw name="Get Web Driver" library="webdrivers">
<var>${WebBrowser}</var>
<arg>Chrome</arg>
<msg timestamp="20211006 09:27:45.793" level="INFO">${WebBrowser} = C:/Automação/Portal_Cliente_PF/Webdrivers/chromedriver.exe</msg>
<status status="PASS" starttime="20211006 09:27:45.793" endtime="20211006 09:27:45.794"/>
</kw>
<kw name="Create Webdriver" library="SeleniumLibrary">
<arg>Chrome</arg>
<arg>executable_path=${WebBrowser}</arg>
<doc>Creates an instance of Selenium WebDriver.</doc>
<msg timestamp="20211006 09:27:45.794" level="INFO">Creating an instance of the Chrome WebDriver.</msg>
<status status="PASS" starttime="20211006 09:27:45.794" endtime="20211006 09:27:47.607"/>
</kw>
<kw name="Go To" library="SeleniumLibrary">
<arg>${URL}</arg>
<doc>Navigates the current browser window to the provided ``url``.</doc>
<msg timestamp="20211006 09:27:47.609" level="INFO">Opening url 'https://www.segurosunimed.com.br/'</msg>
<status status="PASS" starttime="20211006 09:27:47.608" endtime="20211006 09:27:54.600"/>
</kw>
<kw name="Maximize Browser Window" library="SeleniumLibrary">
<doc>Maximizes current browser window.</doc>
<status status="PASS" starttime="20211006 09:27:54.601" endtime="20211006 09:27:54.738"/>
</kw>
<kw name="Wait Until Element Is Visible" library="SeleniumLibrary">
<arg>${LinkClientePF}</arg>
<doc>Waits until the element ``locator`` is visible.</doc>
<status status="PASS" starttime="20211006 09:27:54.738" endtime="20211006 09:27:54.784"/>
</kw>
<kw name="Click Link" library="SeleniumLibrary">
<arg>${LinkClientePF}</arg>
<doc>Clicks a link identified by ``locator``.</doc>
<msg timestamp="20211006 09:27:54.784" level="INFO">Clicking link '//nav/a[1]'.</msg>
<status status="PASS" starttime="20211006 09:27:54.784" endtime="20211006 09:27:58.829"/>
</kw>
<kw name="Input Text" library="SeleniumLibrary">
<arg>${campoCPF}</arg>
<arg>${CPFeSenha[0]}</arg>
<doc>Types the given ``text`` into the text field identified by ``locator``.</doc>
<msg timestamp="20211006 09:27:58.831" level="INFO">Typing text '17083552860' into text field 'loginInput'.</msg>
<status status="PASS" starttime="20211006 09:27:58.830" endtime="20211006 09:27:59.048"/>
</kw>
<kw name="Input Text" library="SeleniumLibrary">
<arg>${campoSenha}</arg>
<arg>${CPFeSenha[1]}</arg>
<doc>Types the given ``text`` into the text field identified by ``locator``.</doc>
<msg timestamp="20211006 09:27:59.049" level="INFO">Typing text 'Mig1971**' into text field 'senhaInput'.</msg>
<status status="PASS" starttime="20211006 09:27:59.049" endtime="20211006 09:27:59.173"/>
</kw>
<kw name="Click Button" library="SeleniumLibrary">
<arg>${botaoEntrar}</arg>
<doc>Clicks the button identified by ``locator``.</doc>
<msg timestamp="20211006 09:27:59.174" level="INFO">Clicking button '//button[@type='submit']'.</msg>
<status status="PASS" starttime="20211006 09:27:59.174" endtime="20211006 09:27:59.317"/>
</kw>
<status status="PASS" starttime="20211006 09:27:45.784" endtime="20211006 09:27:59.317"/>
</kw>
<kw name="Dado que eu realize login com um segurado do segmento Odonto" library="resourceOdonto">
<var>${CTID}</var>
<arg>CT-02</arg>
<doc>Palavra chave utilizada em todos os casos de teste deste cenario</doc>
<kw name="Create Folder" library="folders">
<arg>Odonto</arg>
<arg>${CTID}</arg>
<status status="PASS" starttime="20211006 09:27:59.318" endtime="20211006 09:27:59.320"/>
</kw>
<kw name="Return Folder Path" library="folders">
<var>${FolderPath}</var>
<arg>Odonto</arg>
<arg>${CTID}</arg>
<msg timestamp="20211006 09:27:59.320" level="INFO">${FolderPath} = C:/Users/T01628/Documents/Projetos/2021/Meios de pagamento/Smoke//Odonto//CT-02</msg>
<status status="PASS" starttime="20211006 09:27:59.320" endtime="20211006 09:27:59.320"/>
</kw>
<kw name="Read Element Locator" library="resourceGeneral">
<var>${DivCardHeaderOdonto}</var>
<arg>paginas[0].homeLogado[0].meusProdutos[0].odonto[0].divCardHeader</arg>
<kw name="Read Locators From Json" library="locators">
<var>${result}</var>
<arg>${JsonPath}</arg>
<msg timestamp="20211006 09:27:59.324" level="INFO">${result} = //div[@class='card-header d-flex O']</msg>
<status status="PASS" starttime="20211006 09:27:59.321" endtime="20211006 09:27:59.324"/>
</kw>
<msg timestamp="20211006 09:27:59.324" level="INFO">${DivCardHeaderOdonto} = //div[@class='card-header d-flex O']</msg>
<status status="PASS" starttime="20211006 09:27:59.321" endtime="20211006 09:27:59.324"/>
</kw>
<kw name="Wait Until Element Is Visible" library="SeleniumLibrary">
<arg>${DivCardHeaderOdonto}</arg>
<doc>Waits until the element ``locator`` is visible.</doc>
<status status="PASS" starttime="20211006 09:27:59.324" endtime="20211006 09:28:07.782"/>
</kw>
<kw name="Get Current Date" library="DateTime">
<var>${data}</var>
<doc>Returns current local or UTC time with an optional increment.</doc>
<msg timestamp="20211006 09:28:07.783" level="INFO">${data} = 2021-10-06 09:28:07.782</msg>
<status status="PASS" starttime="20211006 09:28:07.782" endtime="20211006 09:28:07.783"/>
</kw>
<kw name="Format Data For Screenshot" library="externalkeywords">
<var>${data}</var>
<arg>${data}</arg>
<msg timestamp="20211006 09:28:07.783" level="INFO">${data} = 2021-10-06_09_28_07.782</msg>
<status status="PASS" starttime="20211006 09:28:07.783" endtime="20211006 09:28:07.783"/>
</kw>
<kw name="Capture Page Screenshot" library="SeleniumLibrary">
<arg>${FolderPath}//printRobot_01_${data}.png</arg>
<doc>Takes a screenshot of the current page and embeds it into a log file.</doc>
<msg timestamp="20211006 09:28:07.943" level="INFO" html="true">&lt;/td&gt;&lt;/tr&gt;&lt;tr&gt;&lt;td colspan="3"&gt;&lt;a href="../../../Users/T01628/Documents/Projetos/2021/Meios%20de%20pagamento/Smoke/Odonto/CT-02/printRobot_01_2021-10-06_09_28_07.782.png"&gt;&lt;img src="../../../Users/T01628/Documents/Projetos/2021/Meios%20de%20pagamento/Smoke/Odonto/CT-02/printRobot_01_2021-10-06_09_28_07.782.png" width="800px"&gt;&lt;/a&gt;</msg>
<status status="PASS" starttime="20211006 09:28:07.783" endtime="20211006 09:28:07.944"/>
</kw>
<msg timestamp="20211006 09:28:07.944" level="INFO">${CTID} = CT-02</msg>
<status status="PASS" starttime="20211006 09:27:59.318" endtime="20211006 09:28:07.944"/>
</kw>
<kw name="E clico na opcao Informe de Rendimentos no menu de acesso rapido" library="resourceOdonto">
<var>${CTID}</var>
<arg>${CTID}</arg>
<kw name="Read Element Locator" library="resourceGeneral">
<var>${DivInformeDeRendimentos}</var>
<arg>paginas[0].homeLogado[0].menuAcessoRapido[1].informeDeRendimentos</arg>
<kw name="Read Locators From Json" library="locators">
<var>${result}</var>
<arg>${JsonPath}</arg>
<msg timestamp="20211006 09:28:07.947" level="INFO">${result} = //div[text()=' Informe de Rendimentos ']</msg>
<status status="PASS" starttime="20211006 09:28:07.946" endtime="20211006 09:28:07.947"/>
</kw>
<msg timestamp="20211006 09:28:07.947" level="INFO">${DivInformeDeRendimentos} = //div[text()=' Informe de Rendimentos ']</msg>
<status status="PASS" starttime="20211006 09:28:07.946" endtime="20211006 09:28:07.947"/>
</kw>
<kw name="Return Folder Path" library="folders">
<var>${FolderPath}</var>
<arg>Odonto</arg>
<arg>${CTID}</arg>
<msg timestamp="20211006 09:28:07.947" level="INFO">${FolderPath} = C:/Users/T01628/Documents/Projetos/2021/Meios de pagamento/Smoke//Odonto//CT-02</msg>
<status status="PASS" starttime="20211006 09:28:07.947" endtime="20211006 09:28:07.947"/>
</kw>
<kw name="Get Current Date" library="DateTime">
<var>${data}</var>
<doc>Returns current local or UTC time with an optional increment.</doc>
<msg timestamp="20211006 09:28:07.948" level="INFO">${data} = 2021-10-06 09:28:07.948</msg>
<status status="PASS" starttime="20211006 09:28:07.948" endtime="20211006 09:28:07.948"/>
</kw>
<kw name="Format Data For Screenshot" library="externalkeywords">
<var>${data}</var>
<arg>${data}</arg>
<msg timestamp="20211006 09:28:07.948" level="INFO">${data} = 2021-10-06_09_28_07.948</msg>
<status status="PASS" starttime="20211006 09:28:07.948" endtime="20211006 09:28:07.948"/>
</kw>
<kw name="Capture Page Screenshot" library="SeleniumLibrary">
<arg>${FolderPath}//printRobot_02_${data}.png</arg>
<doc>Takes a screenshot of the current page and embeds it into a log file.</doc>
<msg timestamp="20211006 09:28:08.119" level="INFO" html="true">&lt;/td&gt;&lt;/tr&gt;&lt;tr&gt;&lt;td colspan="3"&gt;&lt;a href="../../../Users/T01628/Documents/Projetos/2021/Meios%20de%20pagamento/Smoke/Odonto/CT-02/printRobot_02_2021-10-06_09_28_07.948.png"&gt;&lt;img src="../../../Users/T01628/Documents/Projetos/2021/Meios%20de%20pagamento/Smoke/Odonto/CT-02/printRobot_02_2021-10-06_09_28_07.948.png" width="800px"&gt;&lt;/a&gt;</msg>
<status status="PASS" starttime="20211006 09:28:07.948" endtime="20211006 09:28:08.119"/>
</kw>
<kw name="Click Element" library="SeleniumLibrary">
<arg>${DivInformeDeRendimentos}</arg>
<doc>Click the element identified by ``locator``.</doc>
<msg timestamp="20211006 09:28:08.120" level="INFO">Clicking element '//div[text()=' Informe de Rendimentos ']'.</msg>
<status status="PASS" starttime="20211006 09:28:08.119" endtime="20211006 09:28:08.233"/>
</kw>
<msg timestamp="20211006 09:28:08.234" level="INFO">${CTID} = CT-02</msg>
<status status="PASS" starttime="20211006 09:28:07.945" endtime="20211006 09:28:08.234"/>
</kw>
<kw name="E no modal de informe de rendimentos seleciono o segmento Odonto, um produto e confirmo" library="resourceOdonto">
<var>${CTID}</var>
<arg>${CTID}</arg>
<kw name="Read Element Locator" library="resourceGeneral">
<var>${SelectSegmento}</var>
<arg>paginas[1].modais[4].modalInformeDeRendimentos[0].selectSegmento</arg>
<kw name="Read Locators From Json" library="locators">
<var>${result}</var>
<arg>${JsonPath}</arg>
<msg timestamp="20211006 09:28:08.237" level="INFO">${result} = rendimentosSegmentSelect</msg>
<status status="PASS" starttime="20211006 09:28:08.236" endtime="20211006 09:28:08.238"/>
</kw>
<msg timestamp="20211006 09:28:08.238" level="INFO">${SelectSegmento} = rendimentosSegmentSelect</msg>
<status status="PASS" starttime="20211006 09:28:08.235" endtime="20211006 09:28:08.238"/>
</kw>
<kw name="Read Element Locator" library="resourceGeneral">
<var>${SelectProduto}</var>
<arg>paginas[1].modais[4].modalInformeDeRendimentos[1].selectProduto</arg>
<kw name="Read Locators From Json" library="locators">
<var>${result}</var>
<arg>${JsonPath}</arg>
<msg timestamp="20211006 09:28:08.240" level="INFO">${result} = rendimentosProductSelect</msg>
<status status="PASS" starttime="20211006 09:28:08.239" endtime="20211006 09:28:08.240"/>
</kw>
<msg timestamp="20211006 09:28:08.240" level="INFO">${SelectProduto} = rendimentosProductSelect</msg>
<status status="PASS" starttime="20211006 09:28:08.238" endtime="20211006 09:28:08.240"/>
</kw>
<kw name="Read Element Locator" library="resourceGeneral">
<var>${BotaoGerarInforme}</var>
<arg>paginas[1].modais[4].modalInformeDeRendimentos[2].botaoGerarInforme</arg>
<kw name="Read Locators From Json" library="locators">
<var>${result}</var>
<arg>${JsonPath}</arg>
<msg timestamp="20211006 09:28:08.241" level="INFO">${result} = //button[text()='Gerar informe']</msg>
<status status="PASS" starttime="20211006 09:28:08.240" endtime="20211006 09:28:08.241"/>
</kw>
<msg timestamp="20211006 09:28:08.241" level="INFO">${BotaoGerarInforme} = //button[text()='Gerar informe']</msg>
<status status="PASS" starttime="20211006 09:28:08.240" endtime="20211006 09:28:08.241"/>
</kw>
<kw name="Return Folder Path" library="folders">
<var>${FolderPath}</var>
<arg>Odonto</arg>
<arg>${CTID}</arg>
<msg timestamp="20211006 09:28:08.242" level="INFO">${FolderPath} = C:/Users/T01628/Documents/Projetos/2021/Meios de pagamento/Smoke//Odonto//CT-02</msg>
<status status="PASS" starttime="20211006 09:28:08.242" endtime="20211006 09:28:08.242"/>
</kw>
<kw name="Get Current Date" library="DateTime">
<var>${data}</var>
<doc>Returns current local or UTC time with an optional increment.</doc>
<msg timestamp="20211006 09:28:08.242" level="INFO">${data} = 2021-10-06 09:28:08.242</msg>
<status status="PASS" starttime="20211006 09:28:08.242" endtime="20211006 09:28:08.242"/>
</kw>
<kw name="Format Data For Screenshot" library="externalkeywords">
<var>${data}</var>
<arg>${data}</arg>
<msg timestamp="20211006 09:28:08.243" level="INFO">${data} = 2021-10-06_09_28_08.242</msg>
<status status="PASS" starttime="20211006 09:28:08.242" endtime="20211006 09:28:08.243"/>
</kw>
<kw name="Wait Until Element Is Visible" library="SeleniumLibrary">
<arg>${SelectSegmento}</arg>
<doc>Waits until the element ``locator`` is visible.</doc>
<status status="PASS" starttime="20211006 09:28:08.243" endtime="20211006 09:28:08.548"/>
</kw>
<kw name="Select From List By Label" library="SeleniumLibrary">
<arg>${SelectSegmento}</arg>
<arg>Odonto</arg>
<doc>Selects options from selection list ``locator`` by ``labels``.</doc>
<msg timestamp="20211006 09:28:08.548" level="INFO">Selecting options from selection list 'rendimentosSegmentSelect' by label Odonto.</msg>
<status status="PASS" starttime="20211006 09:28:08.548" endtime="20211006 09:28:08.645"/>
</kw>
<kw name="Wait Until Element Is Visible" library="SeleniumLibrary">
<arg>${SelectProduto}</arg>
<doc>Waits until the element ``locator`` is visible.</doc>
<status status="PASS" starttime="20211006 09:28:08.645" endtime="20211006 09:28:09.564"/>
</kw>
<kw name="Capture Page Screenshot" library="SeleniumLibrary">
<arg>${FolderPath}//printRobot_03_${data}.png</arg>
<doc>Takes a screenshot of the current page and embeds it into a log file.</doc>
<msg timestamp="20211006 09:28:09.741" level="INFO" html="true">&lt;/td&gt;&lt;/tr&gt;&lt;tr&gt;&lt;td colspan="3"&gt;&lt;a href="../../../Users/T01628/Documents/Projetos/2021/Meios%20de%20pagamento/Smoke/Odonto/CT-02/printRobot_03_2021-10-06_09_28_08.242.png"&gt;&lt;img src="../../../Users/T01628/Documents/Projetos/2021/Meios%20de%20pagamento/Smoke/Odonto/CT-02/printRobot_03_2021-10-06_09_28_08.242.png" width="800px"&gt;&lt;/a&gt;</msg>
<status status="PASS" starttime="20211006 09:28:09.564" endtime="20211006 09:28:09.741"/>
</kw>
<kw name="Click Button" library="SeleniumLibrary">
<arg>${BotaoGerarInforme}</arg>
<doc>Clicks the button identified by ``locator``.</doc>
<msg timestamp="20211006 09:28:09.741" level="INFO">Clicking button '//button[text()='Gerar informe']'.</msg>
<status status="PASS" starttime="20211006 09:28:09.741" endtime="20211006 09:28:09.867"/>
</kw>
<msg timestamp="20211006 09:28:09.867" level="INFO">${CTID} = CT-02</msg>
<status status="PASS" starttime="20211006 09:28:08.234" endtime="20211006 09:28:09.867"/>
</kw>
<kw name="Entao o site exibe o modal de aviso" library="resourceOdonto">
<arg>${CTID}</arg>
<kw name="Read Element Locator" library="resourceGeneral">
<var>${ModalAviso}</var>
<arg>paginas[1].modais[0].modalAviso</arg>
<kw name="Read Locators From Json" library="locators">
<var>${result}</var>
<arg>${JsonPath}</arg>
<msg timestamp="20211006 09:28:09.871" level="INFO">${result} = //h4[text()='Aviso']</msg>
<status status="PASS" starttime="20211006 09:28:09.870" endtime="20211006 09:28:09.871"/>
</kw>
<msg timestamp="20211006 09:28:09.871" level="INFO">${ModalAviso} = //h4[text()='Aviso']</msg>
<status status="PASS" starttime="20211006 09:28:09.869" endtime="20211006 09:28:09.871"/>
</kw>
<kw name="Wait Until Element Is Visible" library="SeleniumLibrary">
<arg>${ModalAviso}</arg>
<doc>Waits until the element ``locator`` is visible.</doc>
<status status="PASS" starttime="20211006 09:28:09.871" endtime="20211006 09:28:12.580"/>
</kw>
<kw name="Return Folder Path" library="folders">
<var>${FolderPath}</var>
<arg>Odonto</arg>
<arg>${CTID}</arg>
<msg timestamp="20211006 09:28:12.580" level="INFO">${FolderPath} = C:/Users/T01628/Documents/Projetos/2021/Meios de pagamento/Smoke//Odonto//CT-02</msg>
<status status="PASS" starttime="20211006 09:28:12.580" endtime="20211006 09:28:12.581"/>
</kw>
<kw name="Get Current Date" library="DateTime">
<var>${data}</var>
<doc>Returns current local or UTC time with an optional increment.</doc>
<msg timestamp="20211006 09:28:12.581" level="INFO">${data} = 2021-10-06 09:28:12.581</msg>
<status status="PASS" starttime="20211006 09:28:12.581" endtime="20211006 09:28:12.581"/>
</kw>
<kw name="Format Data For Screenshot" library="externalkeywords">
<var>${data}</var>
<arg>${data}</arg>
<msg timestamp="20211006 09:28:12.581" level="INFO">${data} = 2021-10-06_09_28_12.581</msg>
<status status="PASS" starttime="20211006 09:28:12.581" endtime="20211006 09:28:12.581"/>
</kw>
<kw name="Capture Page Screenshot" library="SeleniumLibrary">
<arg>${FolderPath}//printRobot_04_${data}.png</arg>
<doc>Takes a screenshot of the current page and embeds it into a log file.</doc>
<msg timestamp="20211006 09:28:12.787" level="INFO" html="true">&lt;/td&gt;&lt;/tr&gt;&lt;tr&gt;&lt;td colspan="3"&gt;&lt;a href="../../../Users/T01628/Documents/Projetos/2021/Meios%20de%20pagamento/Smoke/Odonto/CT-02/printRobot_04_2021-10-06_09_28_12.581.png"&gt;&lt;img src="../../../Users/T01628/Documents/Projetos/2021/Meios%20de%20pagamento/Smoke/Odonto/CT-02/printRobot_04_2021-10-06_09_28_12.581.png" width="800px"&gt;&lt;/a&gt;</msg>
<status status="PASS" starttime="20211006 09:28:12.581" endtime="20211006 09:28:12.787"/>
</kw>
<status status="PASS" starttime="20211006 09:28:09.869" endtime="20211006 09:28:12.787"/>
</kw>
<kw name="Close Browser" library="SeleniumLibrary" type="TEARDOWN">
<doc>Closes the current browser.</doc>
<status status="PASS" starttime="20211006 09:28:12.788" endtime="20211006 09:28:15.032"/>
</kw>
<tag>CT02</tag>
<tag>RegressivoFull</tag>
<tag>RegressivoOdonto</tag>
<tag>Smoke</tag>
<tag>SmokeOdonto</tag>
<status status="PASS" starttime="20211006 09:27:45.784" endtime="20211006 09:28:15.035"/>
</test>
<test id="s1-s1-s1-t3" name="Validar acesso aos Descontos em Medicamentos via menu acesso rapido">
<kw name="Realizar login e maximizar a janela" library="resourceGeneral" type="SETUP">
<arg>Odonto</arg>
<kw name="Read Element Locator" library="resourceGeneral">
<var>${LinkClientePF}</var>
<arg>paginas[0].homeNaoLogado[0].linkClientePessoaFisica</arg>
<kw name="Read Locators From Json" library="locators">
<var>${result}</var>
<arg>${JsonPath}</arg>
<msg timestamp="20211006 09:28:15.046" level="INFO">${result} = //nav/a[1]</msg>
<status status="PASS" starttime="20211006 09:28:15.045" endtime="20211006 09:28:15.046"/>
</kw>
<msg timestamp="20211006 09:28:15.047" level="INFO">${LinkClientePF} = //nav/a[1]</msg>
<status status="PASS" starttime="20211006 09:28:15.045" endtime="20211006 09:28:15.047"/>
</kw>
<kw name="Read Element Locator" library="resourceGeneral">
<var>${campoCPF}</var>
<arg>paginas[0].loginCliente[0].campoDeTextoSeuCPF</arg>
<kw name="Read Locators From Json" library="locators">
<var>${result}</var>
<arg>${JsonPath}</arg>
<msg timestamp="20211006 09:28:15.049" level="INFO">${result} = loginInput</msg>
<status status="PASS" starttime="20211006 09:28:15.048" endtime="20211006 09:28:15.049"/>
</kw>
<msg timestamp="20211006 09:28:15.050" level="INFO">${campoCPF} = loginInput</msg>
<status status="PASS" starttime="20211006 09:28:15.047" endtime="20211006 09:28:15.050"/>
</kw>
<kw name="Read Element Locator" library="resourceGeneral">
<var>${campoSenha}</var>
<arg>paginas[0].loginCliente[1].campoDeTextoSuaSenha</arg>
<kw name="Read Locators From Json" library="locators">
<var>${result}</var>
<arg>${JsonPath}</arg>
<msg timestamp="20211006 09:28:15.051" level="INFO">${result} = senhaInput</msg>
<status status="PASS" starttime="20211006 09:28:15.050" endtime="20211006 09:28:15.051"/>
</kw>
<msg timestamp="20211006 09:28:15.052" level="INFO">${campoSenha} = senhaInput</msg>
<status status="PASS" starttime="20211006 09:28:15.050" endtime="20211006 09:28:15.052"/>
</kw>
<kw name="Read Element Locator" library="resourceGeneral">
<var>${botaoEntrar}</var>
<arg>paginas[0].loginCliente[2].botaoEntrar</arg>
<kw name="Read Locators From Json" library="locators">
<var>${result}</var>
<arg>${JsonPath}</arg>
<msg timestamp="20211006 09:28:15.053" level="INFO">${result} = //button[@type='submit']</msg>
<status status="PASS" starttime="20211006 09:28:15.052" endtime="20211006 09:28:15.053"/>
</kw>
<msg timestamp="20211006 09:28:15.053" level="INFO">${botaoEntrar} = //button[@type='submit']</msg>
<status status="PASS" starttime="20211006 09:28:15.052" endtime="20211006 09:28:15.053"/>
</kw>
<kw name="Get Username And Password" library="testdata">
<var>${CPFeSenha}</var>
<arg>${Segmento}</arg>
<msg timestamp="20211006 09:28:15.054" level="INFO">${CPFeSenha} = ['17083552860', 'Mig1971**']</msg>
<status status="PASS" starttime="20211006 09:28:15.054" endtime="20211006 09:28:15.054"/>
</kw>
<kw name="Get Url" library="testdata">
<var>${URL}</var>
<msg timestamp="20211006 09:28:15.054" level="INFO">${URL} = https://www.segurosunimed.com.br/</msg>
<status status="PASS" starttime="20211006 09:28:15.054" endtime="20211006 09:28:15.054"/>
</kw>
<kw name="Set Selenium Timeout" library="SeleniumLibrary">
<arg>45</arg>
<doc>Sets the timeout that is used by various keywords.</doc>
<status status="PASS" starttime="20211006 09:28:15.054" endtime="20211006 09:28:15.055"/>
</kw>
<kw name="Get Web Driver" library="webdrivers">
<var>${WebBrowser}</var>
<arg>Chrome</arg>
<msg timestamp="20211006 09:28:15.055" level="INFO">${WebBrowser} = C:/Automação/Portal_Cliente_PF/Webdrivers/chromedriver.exe</msg>
<status status="PASS" starttime="20211006 09:28:15.055" endtime="20211006 09:28:15.055"/>
</kw>
<kw name="Create Webdriver" library="SeleniumLibrary">
<arg>Chrome</arg>
<arg>executable_path=${WebBrowser}</arg>
<doc>Creates an instance of Selenium WebDriver.</doc>
<msg timestamp="20211006 09:28:15.055" level="INFO">Creating an instance of the Chrome WebDriver.</msg>
<status status="PASS" starttime="20211006 09:28:15.055" endtime="20211006 09:28:16.664"/>
</kw>
<kw name="Go To" library="SeleniumLibrary">
<arg>${URL}</arg>
<doc>Navigates the current browser window to the provided ``url``.</doc>
<msg timestamp="20211006 09:28:16.664" level="INFO">Opening url 'https://www.segurosunimed.com.br/'</msg>
<status status="PASS" starttime="20211006 09:28:16.664" endtime="20211006 09:28:23.170"/>
</kw>
<kw name="Maximize Browser Window" library="SeleniumLibrary">
<doc>Maximizes current browser window.</doc>
<status status="PASS" starttime="20211006 09:28:23.170" endtime="20211006 09:28:23.377"/>
</kw>
<kw name="Wait Until Element Is Visible" library="SeleniumLibrary">
<arg>${LinkClientePF}</arg>
<doc>Waits until the element ``locator`` is visible.</doc>
<status status="PASS" starttime="20211006 09:28:23.378" endtime="20211006 09:28:23.488"/>
</kw>
<kw name="Click Link" library="SeleniumLibrary">
<arg>${LinkClientePF}</arg>
<doc>Clicks a link identified by ``locator``.</doc>
<msg timestamp="20211006 09:28:23.489" level="INFO">Clicking link '//nav/a[1]'.</msg>
<status status="PASS" starttime="20211006 09:28:23.489" endtime="20211006 09:28:26.588"/>
</kw>
<kw name="Input Text" library="SeleniumLibrary">
<arg>${campoCPF}</arg>
<arg>${CPFeSenha[0]}</arg>
<doc>Types the given ``text`` into the text field identified by ``locator``.</doc>
<msg timestamp="20211006 09:28:26.590" level="INFO">Typing text '17083552860' into text field 'loginInput'.</msg>
<status status="PASS" starttime="20211006 09:28:26.588" endtime="20211006 09:28:26.785"/>
</kw>
<kw name="Input Text" library="SeleniumLibrary">
<arg>${campoSenha}</arg>
<arg>${CPFeSenha[1]}</arg>
<doc>Types the given ``text`` into the text field identified by ``locator``.</doc>
<msg timestamp="20211006 09:28:26.786" level="INFO">Typing text 'Mig1971**' into text field 'senhaInput'.</msg>
<status status="PASS" starttime="20211006 09:28:26.785" endtime="20211006 09:28:26.906"/>
</kw>
<kw name="Click Button" library="SeleniumLibrary">
<arg>${botaoEntrar}</arg>
<doc>Clicks the button identified by ``locator``.</doc>
<msg timestamp="20211006 09:28:26.907" level="INFO">Clicking button '//button[@type='submit']'.</msg>
<status status="PASS" starttime="20211006 09:28:26.907" endtime="20211006 09:28:27.031"/>
</kw>
<status status="PASS" starttime="20211006 09:28:15.044" endtime="20211006 09:28:27.032"/>
</kw>
<kw name="Dado que eu realize login com um segurado do segmento Odonto" library="resourceOdonto">
<var>${CTID}</var>
<arg>CT-03</arg>
<doc>Palavra chave utilizada em todos os casos de teste deste cenario</doc>
<kw name="Create Folder" library="folders">
<arg>Odonto</arg>
<arg>${CTID}</arg>
<status status="PASS" starttime="20211006 09:28:27.034" endtime="20211006 09:28:27.034"/>
</kw>
<kw name="Return Folder Path" library="folders">
<var>${FolderPath}</var>
<arg>Odonto</arg>
<arg>${CTID}</arg>
<msg timestamp="20211006 09:28:27.035" level="INFO">${FolderPath} = C:/Users/T01628/Documents/Projetos/2021/Meios de pagamento/Smoke//Odonto//CT-03</msg>
<status status="PASS" starttime="20211006 09:28:27.035" endtime="20211006 09:28:27.035"/>
</kw>
<kw name="Read Element Locator" library="resourceGeneral">
<var>${DivCardHeaderOdonto}</var>
<arg>paginas[0].homeLogado[0].meusProdutos[0].odonto[0].divCardHeader</arg>
<kw name="Read Locators From Json" library="locators">
<var>${result}</var>
<arg>${JsonPath}</arg>
<msg timestamp="20211006 09:28:27.036" level="INFO">${result} = //div[@class='card-header d-flex O']</msg>
<status status="PASS" starttime="20211006 09:28:27.035" endtime="20211006 09:28:27.036"/>
</kw>
<msg timestamp="20211006 09:28:27.037" level="INFO">${DivCardHeaderOdonto} = //div[@class='card-header d-flex O']</msg>
<status status="PASS" starttime="20211006 09:28:27.035" endtime="20211006 09:28:27.037"/>
</kw>
<kw name="Wait Until Element Is Visible" library="SeleniumLibrary">
<arg>${DivCardHeaderOdonto}</arg>
<doc>Waits until the element ``locator`` is visible.</doc>
<status status="PASS" starttime="20211006 09:28:27.037" endtime="20211006 09:28:33.656"/>
</kw>
<kw name="Get Current Date" library="DateTime">
<var>${data}</var>
<doc>Returns current local or UTC time with an optional increment.</doc>
<msg timestamp="20211006 09:28:33.657" level="INFO">${data} = 2021-10-06 09:28:33.657</msg>
<status status="PASS" starttime="20211006 09:28:33.657" endtime="20211006 09:28:33.657"/>
</kw>
<kw name="Format Data For Screenshot" library="externalkeywords">
<var>${data}</var>
<arg>${data}</arg>
<msg timestamp="20211006 09:28:33.657" level="INFO">${data} = 2021-10-06_09_28_33.657</msg>
<status status="PASS" starttime="20211006 09:28:33.657" endtime="20211006 09:28:33.657"/>
</kw>
<kw name="Capture Page Screenshot" library="SeleniumLibrary">
<arg>${FolderPath}//printRobot_01_${data}.png</arg>
<doc>Takes a screenshot of the current page and embeds it into a log file.</doc>
<msg timestamp="20211006 09:28:33.829" level="INFO" html="true">&lt;/td&gt;&lt;/tr&gt;&lt;tr&gt;&lt;td colspan="3"&gt;&lt;a href="../../../Users/T01628/Documents/Projetos/2021/Meios%20de%20pagamento/Smoke/Odonto/CT-03/printRobot_01_2021-10-06_09_28_33.657.png"&gt;&lt;img src="../../../Users/T01628/Documents/Projetos/2021/Meios%20de%20pagamento/Smoke/Odonto/CT-03/printRobot_01_2021-10-06_09_28_33.657.png" width="800px"&gt;&lt;/a&gt;</msg>
<status status="PASS" starttime="20211006 09:28:33.657" endtime="20211006 09:28:33.829"/>
</kw>
<msg timestamp="20211006 09:28:33.830" level="INFO">${CTID} = CT-03</msg>
<status status="PASS" starttime="20211006 09:28:27.033" endtime="20211006 09:28:33.830"/>
</kw>
<kw name="E clico na opcao Descontos em Medicamentos no menu de acesso rapido" library="resourceOdonto">
<var>${CTID}</var>
<arg>${CTID}</arg>
<kw name="Return Folder Path" library="folders">
<var>${FolderPath}</var>
<arg>Odonto</arg>
<arg>${CTID}</arg>
<msg timestamp="20211006 09:28:33.831" level="INFO">${FolderPath} = C:/Users/T01628/Documents/Projetos/2021/Meios de pagamento/Smoke//Odonto//CT-03</msg>
<status status="PASS" starttime="20211006 09:28:33.831" endtime="20211006 09:28:33.831"/>
</kw>
<kw name="Get Current Date" library="DateTime">
<var>${data}</var>
<doc>Returns current local or UTC time with an optional increment.</doc>
<msg timestamp="20211006 09:28:33.832" level="INFO">${data} = 2021-10-06 09:28:33.832</msg>
<status status="PASS" starttime="20211006 09:28:33.831" endtime="20211006 09:28:33.832"/>
</kw>
<kw name="Format Data For Screenshot" library="externalkeywords">
<var>${data}</var>
<arg>${data}</arg>
<msg timestamp="20211006 09:28:33.832" level="INFO">${data} = 2021-10-06_09_28_33.832</msg>
<status status="PASS" starttime="20211006 09:28:33.832" endtime="20211006 09:28:33.832"/>
</kw>
<kw name="Capture Page Screenshot" library="SeleniumLibrary">
<arg>${FolderPath}//printRobot_02_${data}.png</arg>
<doc>Takes a screenshot of the current page and embeds it into a log file.</doc>
<msg timestamp="20211006 09:28:33.988" level="INFO" html="true">&lt;/td&gt;&lt;/tr&gt;&lt;tr&gt;&lt;td colspan="3"&gt;&lt;a href="../../../Users/T01628/Documents/Projetos/2021/Meios%20de%20pagamento/Smoke/Odonto/CT-03/printRobot_02_2021-10-06_09_28_33.832.png"&gt;&lt;img src="../../../Users/T01628/Documents/Projetos/2021/Meios%20de%20pagamento/Smoke/Odonto/CT-03/printRobot_02_2021-10-06_09_28_33.832.png" width="800px"&gt;&lt;/a&gt;</msg>
<status status="PASS" starttime="20211006 09:28:33.832" endtime="20211006 09:28:33.989"/>
</kw>
<kw name="Read Element Locator" library="resourceGeneral">
<var>${DivDescontosEmMedicamentos}</var>
<arg>paginas[0].homeLogado[0].menuAcessoRapido[2].descontosEmMedicamentos</arg>
<kw name="Read Locators From Json" library="locators">
<var>${result}</var>
<arg>${JsonPath}</arg>
<msg timestamp="20211006 09:28:33.991" level="INFO">${result} = //div[text()=' Descontos em Medicamentos ']</msg>
<status status="PASS" starttime="20211006 09:28:33.989" endtime="20211006 09:28:33.991"/>
</kw>
<msg timestamp="20211006 09:28:33.991" level="INFO">${DivDescontosEmMedicamentos} = //div[text()=' Descontos em Medicamentos ']</msg>
<status status="PASS" starttime="20211006 09:28:33.989" endtime="20211006 09:28:33.991"/>
</kw>
<kw name="Click Element" library="SeleniumLibrary">
<arg>${DivDescontosEmMedicamentos}</arg>
<doc>Click the element identified by ``locator``.</doc>
<msg timestamp="20211006 09:28:33.992" level="INFO">Clicking element '//div[text()=' Descontos em Medicamentos ']'.</msg>
<status status="PASS" starttime="20211006 09:28:33.992" endtime="20211006 09:28:34.198"/>
</kw>
<msg timestamp="20211006 09:28:34.199" level="INFO">${CTID} = CT-03</msg>
<status status="PASS" starttime="20211006 09:28:33.831" endtime="20211006 09:28:34.199"/>
</kw>
<kw name="Entao o site redireciona para a pagina de descontos em medicamentos" library="resourceOdonto">
<arg>${CTID}</arg>
<doc>Palavra chave utilizada em mais de um caso de teste</doc>
<kw name="Read Element Locator" library="resourceGeneral">
<var>${TituloDescontosEmMedicamentos}</var>
<arg>paginas[4].descontosEmMedicamentos[0].tituloDescontosEmMedicamentos</arg>
<kw name="Read Locators From Json" library="locators">
<var>${result}</var>
<arg>${JsonPath}</arg>
<msg timestamp="20211006 09:28:34.203" level="INFO">${result} = //h1[text()='Descontos em Medicamentos']</msg>
<status status="PASS" starttime="20211006 09:28:34.201" endtime="20211006 09:28:34.203"/>
</kw>
<msg timestamp="20211006 09:28:34.203" level="INFO">${TituloDescontosEmMedicamentos} = //h1[text()='Descontos em Medicamentos']</msg>
<status status="PASS" starttime="20211006 09:28:34.200" endtime="20211006 09:28:34.203"/>
</kw>
<kw name="Return Folder Path" library="folders">
<var>${FolderPath}</var>
<arg>Odonto</arg>
<arg>${CTID}</arg>
<msg timestamp="20211006 09:28:34.205" level="INFO">${FolderPath} = C:/Users/T01628/Documents/Projetos/2021/Meios de pagamento/Smoke//Odonto//CT-03</msg>
<status status="PASS" starttime="20211006 09:28:34.204" endtime="20211006 09:28:34.205"/>
</kw>
<kw name="Get Current Date" library="DateTime">
<var>${data}</var>
<doc>Returns current local or UTC time with an optional increment.</doc>
<msg timestamp="20211006 09:28:34.206" level="INFO">${data} = 2021-10-06 09:28:34.206</msg>
<status status="PASS" starttime="20211006 09:28:34.205" endtime="20211006 09:28:34.206"/>
</kw>
<kw name="Format Data For Screenshot" library="externalkeywords">
<var>${data}</var>
<arg>${data}</arg>
<msg timestamp="20211006 09:28:34.206" level="INFO">${data} = 2021-10-06_09_28_34.206</msg>
<status status="PASS" starttime="20211006 09:28:34.206" endtime="20211006 09:28:34.206"/>
</kw>
<kw name="Wait Until Element Is Visible" library="SeleniumLibrary">
<arg>${TituloDescontosEmMedicamentos}</arg>
<doc>Waits until the element ``locator`` is visible.</doc>
<status status="PASS" starttime="20211006 09:28:34.207" endtime="20211006 09:28:34.241"/>
</kw>
<kw name="Sleep" library="BuiltIn">
<arg>1</arg>
<doc>Pauses the test executed for the given time.</doc>
<msg timestamp="20211006 09:28:35.253" level="INFO">Slept 1 second</msg>
<status status="PASS" starttime="20211006 09:28:34.241" endtime="20211006 09:28:35.253"/>
</kw>
<kw name="Page Should Contain Element" library="SeleniumLibrary">
<arg>${TituloDescontosEmMedicamentos}</arg>
<doc>Verifies that element ``locator`` is found on the current page.</doc>
<msg timestamp="20211006 09:28:35.261" level="INFO">Current page contains element '//h1[text()='Descontos em Medicamentos']'.</msg>
<status status="PASS" starttime="20211006 09:28:35.253" endtime="20211006 09:28:35.261"/>
</kw>
<kw name="Capture Page Screenshot" library="SeleniumLibrary">
<arg>${FolderPath}//printRobot_03_${data}.png</arg>
<doc>Takes a screenshot of the current page and embeds it into a log file.</doc>
<msg timestamp="20211006 09:28:35.385" level="INFO" html="true">&lt;/td&gt;&lt;/tr&gt;&lt;tr&gt;&lt;td colspan="3"&gt;&lt;a href="../../../Users/T01628/Documents/Projetos/2021/Meios%20de%20pagamento/Smoke/Odonto/CT-03/printRobot_03_2021-10-06_09_28_34.206.png"&gt;&lt;img src="../../../Users/T01628/Documents/Projetos/2021/Meios%20de%20pagamento/Smoke/Odonto/CT-03/printRobot_03_2021-10-06_09_28_34.206.png" width="800px"&gt;&lt;/a&gt;</msg>
<status status="PASS" starttime="20211006 09:28:35.261" endtime="20211006 09:28:35.385"/>
</kw>
<status status="PASS" starttime="20211006 09:28:34.200" endtime="20211006 09:28:35.385"/>
</kw>
<kw name="Close Browser" library="SeleniumLibrary" type="TEARDOWN">
<doc>Closes the current browser.</doc>
<status status="PASS" starttime="20211006 09:28:35.386" endtime="20211006 09:28:37.637"/>
</kw>
<tag>CT03</tag>
<tag>RegressivoFull</tag>
<tag>RegressivoOdonto</tag>
<tag>Smoke</tag>
<tag>SmokeOdonto</tag>
<status status="PASS" starttime="20211006 09:28:15.041" endtime="20211006 09:28:37.638"/>
</test>
<test id="s1-s1-s1-t4" name="Validar acesso ao Clube de vantagens via menu acesso rapido">
<kw name="Realizar login e maximizar a janela" library="resourceGeneral" type="SETUP">
<arg>Odonto</arg>
<kw name="Read Element Locator" library="resourceGeneral">
<var>${LinkClientePF}</var>
<arg>paginas[0].homeNaoLogado[0].linkClientePessoaFisica</arg>
<kw name="Read Locators From Json" library="locators">
<var>${result}</var>
<arg>${JsonPath}</arg>
<msg timestamp="20211006 09:28:37.644" level="INFO">${result} = //nav/a[1]</msg>
<status status="PASS" starttime="20211006 09:28:37.642" endtime="20211006 09:28:37.644"/>
</kw>
<msg timestamp="20211006 09:28:37.644" level="INFO">${LinkClientePF} = //nav/a[1]</msg>
<status status="PASS" starttime="20211006 09:28:37.642" endtime="20211006 09:28:37.644"/>
</kw>
<kw name="Read Element Locator" library="resourceGeneral">
<var>${campoCPF}</var>
<arg>paginas[0].loginCliente[0].campoDeTextoSeuCPF</arg>
<kw name="Read Locators From Json" library="locators">
<var>${result}</var>
<arg>${JsonPath}</arg>
<msg timestamp="20211006 09:28:37.646" level="INFO">${result} = loginInput</msg>
<status status="PASS" starttime="20211006 09:28:37.645" endtime="20211006 09:28:37.646"/>
</kw>
<msg timestamp="20211006 09:28:37.646" level="INFO">${campoCPF} = loginInput</msg>
<status status="PASS" starttime="20211006 09:28:37.644" endtime="20211006 09:28:37.646"/>
</kw>
<kw name="Read Element Locator" library="resourceGeneral">
<var>${campoSenha}</var>
<arg>paginas[0].loginCliente[1].campoDeTextoSuaSenha</arg>
<kw name="Read Locators From Json" library="locators">
<var>${result}</var>
<arg>${JsonPath}</arg>
<msg timestamp="20211006 09:28:37.648" level="INFO">${result} = senhaInput</msg>
<status status="PASS" starttime="20211006 09:28:37.647" endtime="20211006 09:28:37.648"/>
</kw>
<msg timestamp="20211006 09:28:37.648" level="INFO">${campoSenha} = senhaInput</msg>
<status status="PASS" starttime="20211006 09:28:37.646" endtime="20211006 09:28:37.648"/>
</kw>
<kw name="Read Element Locator" library="resourceGeneral">
<var>${botaoEntrar}</var>
<arg>paginas[0].loginCliente[2].botaoEntrar</arg>
<kw name="Read Locators From Json" library="locators">
<var>${result}</var>
<arg>${JsonPath}</arg>
<msg timestamp="20211006 09:28:37.650" level="INFO">${result} = //button[@type='submit']</msg>
<status status="PASS" starttime="20211006 09:28:37.649" endtime="20211006 09:28:37.650"/>
</kw>
<msg timestamp="20211006 09:28:37.650" level="INFO">${botaoEntrar} = //button[@type='submit']</msg>
<status status="PASS" starttime="20211006 09:28:37.649" endtime="20211006 09:28:37.650"/>
</kw>
<kw name="Get Username And Password" library="testdata">
<var>${CPFeSenha}</var>
<arg>${Segmento}</arg>
<msg timestamp="20211006 09:28:37.651" level="INFO">${CPFeSenha} = ['17083552860', 'Mig1971**']</msg>
<status status="PASS" starttime="20211006 09:28:37.651" endtime="20211006 09:28:37.651"/>
</kw>
<kw name="Get Url" library="testdata">
<var>${URL}</var>
<msg timestamp="20211006 09:28:37.652" level="INFO">${URL} = https://www.segurosunimed.com.br/</msg>
<status status="PASS" starttime="20211006 09:28:37.651" endtime="20211006 09:28:37.652"/>
</kw>
<kw name="Set Selenium Timeout" library="SeleniumLibrary">
<arg>45</arg>
<doc>Sets the timeout that is used by various keywords.</doc>
<status status="PASS" starttime="20211006 09:28:37.652" endtime="20211006 09:28:37.652"/>
</kw>
<kw name="Get Web Driver" library="webdrivers">
<var>${WebBrowser}</var>
<arg>Chrome</arg>
<msg timestamp="20211006 09:28:37.652" level="INFO">${WebBrowser} = C:/Automação/Portal_Cliente_PF/Webdrivers/chromedriver.exe</msg>
<status status="PASS" starttime="20211006 09:28:37.652" endtime="20211006 09:28:37.652"/>
</kw>
<kw name="Create Webdriver" library="SeleniumLibrary">
<arg>Chrome</arg>
<arg>executable_path=${WebBrowser}</arg>
<doc>Creates an instance of Selenium WebDriver.</doc>
<msg timestamp="20211006 09:28:37.653" level="INFO">Creating an instance of the Chrome WebDriver.</msg>
<status status="PASS" starttime="20211006 09:28:37.653" endtime="20211006 09:28:39.209"/>
</kw>
<kw name="Go To" library="SeleniumLibrary">
<arg>${URL}</arg>
<doc>Navigates the current browser window to the provided ``url``.</doc>
<msg timestamp="20211006 09:28:39.209" level="INFO">Opening url 'https://www.segurosunimed.com.br/'</msg>
<status status="PASS" starttime="20211006 09:28:39.209" endtime="20211006 09:28:45.431"/>
</kw>
<kw name="Maximize Browser Window" library="SeleniumLibrary">
<doc>Maximizes current browser window.</doc>
<status status="PASS" starttime="20211006 09:28:45.431" endtime="20211006 09:28:45.558"/>
</kw>
<kw name="Wait Until Element Is Visible" library="SeleniumLibrary">
<arg>${LinkClientePF}</arg>
<doc>Waits until the element ``locator`` is visible.</doc>
<status status="PASS" starttime="20211006 09:28:45.559" endtime="20211006 09:28:45.622"/>
</kw>
<kw name="Click Link" library="SeleniumLibrary">
<arg>${LinkClientePF}</arg>
<doc>Clicks a link identified by ``locator``.</doc>
<msg timestamp="20211006 09:28:45.624" level="INFO">Clicking link '//nav/a[1]'.</msg>
<status status="PASS" starttime="20211006 09:28:45.623" endtime="20211006 09:28:48.526"/>
</kw>
<kw name="Input Text" library="SeleniumLibrary">
<arg>${campoCPF}</arg>
<arg>${CPFeSenha[0]}</arg>
<doc>Types the given ``text`` into the text field identified by ``locator``.</doc>
<msg timestamp="20211006 09:28:48.527" level="INFO">Typing text '17083552860' into text field 'loginInput'.</msg>
<status status="PASS" starttime="20211006 09:28:48.526" endtime="20211006 09:28:48.709"/>
</kw>
<kw name="Input Text" library="SeleniumLibrary">
<arg>${campoSenha}</arg>
<arg>${CPFeSenha[1]}</arg>
<doc>Types the given ``text`` into the text field identified by ``locator``.</doc>
<msg timestamp="20211006 09:28:48.710" level="INFO">Typing text 'Mig1971**' into text field 'senhaInput'.</msg>
<status status="PASS" starttime="20211006 09:28:48.709" endtime="20211006 09:28:48.824"/>
</kw>
<kw name="Click Button" library="SeleniumLibrary">
<arg>${botaoEntrar}</arg>
<doc>Clicks the button identified by ``locator``.</doc>
<msg timestamp="20211006 09:28:48.825" level="INFO">Clicking button '//button[@type='submit']'.</msg>
<status status="PASS" starttime="20211006 09:28:48.824" endtime="20211006 09:28:48.950"/>
</kw>
<status status="PASS" starttime="20211006 09:28:37.641" endtime="20211006 09:28:48.950"/>
</kw>
<kw name="Dado que eu realize login com um segurado do segmento Odonto" library="resourceOdonto">
<var>${CTID}</var>
<arg>CT-04</arg>
<doc>Palavra chave utilizada em todos os casos de teste deste cenario</doc>
<kw name="Create Folder" library="folders">
<arg>Odonto</arg>
<arg>${CTID}</arg>
<status status="PASS" starttime="20211006 09:28:48.952" endtime="20211006 09:28:48.953"/>
</kw>
<kw name="Return Folder Path" library="folders">
<var>${FolderPath}</var>
<arg>Odonto</arg>
<arg>${CTID}</arg>
<msg timestamp="20211006 09:28:48.955" level="INFO">${FolderPath} = C:/Users/T01628/Documents/Projetos/2021/Meios de pagamento/Smoke//Odonto//CT-04</msg>
<status status="PASS" starttime="20211006 09:28:48.954" endtime="20211006 09:28:48.955"/>
</kw>
<kw name="Read Element Locator" library="resourceGeneral">
<var>${DivCardHeaderOdonto}</var>
<arg>paginas[0].homeLogado[0].meusProdutos[0].odonto[0].divCardHeader</arg>
<kw name="Read Locators From Json" library="locators">
<var>${result}</var>
<arg>${JsonPath}</arg>
<msg timestamp="20211006 09:28:48.957" level="INFO">${result} = //div[@class='card-header d-flex O']</msg>
<status status="PASS" starttime="20211006 09:28:48.955" endtime="20211006 09:28:48.957"/>
</kw>
<msg timestamp="20211006 09:28:48.958" level="INFO">${DivCardHeaderOdonto} = //div[@class='card-header d-flex O']</msg>
<status status="PASS" starttime="20211006 09:28:48.955" endtime="20211006 09:28:48.958"/>
</kw>
<kw name="Wait Until Element Is Visible" library="SeleniumLibrary">
<arg>${DivCardHeaderOdonto}</arg>
<doc>Waits until the element ``locator`` is visible.</doc>
<status status="PASS" starttime="20211006 09:28:48.958" endtime="20211006 09:28:56.807"/>
</kw>
<kw name="Get Current Date" library="DateTime">
<var>${data}</var>
<doc>Returns current local or UTC time with an optional increment.</doc>
<msg timestamp="20211006 09:28:56.807" level="INFO">${data} = 2021-10-06 09:28:56.807</msg>
<status status="PASS" starttime="20211006 09:28:56.807" endtime="20211006 09:28:56.807"/>
</kw>
<kw name="Format Data For Screenshot" library="externalkeywords">
<var>${data}</var>
<arg>${data}</arg>
<msg timestamp="20211006 09:28:56.808" level="INFO">${data} = 2021-10-06_09_28_56.807</msg>
<status status="PASS" starttime="20211006 09:28:56.807" endtime="20211006 09:28:56.808"/>
</kw>
<kw name="Capture Page Screenshot" library="SeleniumLibrary">
<arg>${FolderPath}//printRobot_01_${data}.png</arg>
<doc>Takes a screenshot of the current page and embeds it into a log file.</doc>
<msg timestamp="20211006 09:28:56.978" level="INFO" html="true">&lt;/td&gt;&lt;/tr&gt;&lt;tr&gt;&lt;td colspan="3"&gt;&lt;a href="../../../Users/T01628/Documents/Projetos/2021/Meios%20de%20pagamento/Smoke/Odonto/CT-04/printRobot_01_2021-10-06_09_28_56.807.png"&gt;&lt;img src="../../../Users/T01628/Documents/Projetos/2021/Meios%20de%20pagamento/Smoke/Odonto/CT-04/printRobot_01_2021-10-06_09_28_56.807.png" width="800px"&gt;&lt;/a&gt;</msg>
<status status="PASS" starttime="20211006 09:28:56.808" endtime="20211006 09:28:56.979"/>
</kw>
<msg timestamp="20211006 09:28:56.979" level="INFO">${CTID} = CT-04</msg>
<status status="PASS" starttime="20211006 09:28:48.951" endtime="20211006 09:28:56.979"/>
</kw>
<kw name="E clico na opcao Clube de Vantagens no menu de acesso rapido" library="resourceOdonto">
<var>${CTID}</var>
<arg>${CTID}</arg>
<kw name="Read Element Locator" library="resourceGeneral">
<var>${DivClubeDeVantagens}</var>
<arg>paginas[0].homeLogado[0].menuAcessoRapido[3].clubeDeVantagens</arg>
<kw name="Read Locators From Json" library="locators">
<var>${result}</var>
<arg>${JsonPath}</arg>
<msg timestamp="20211006 09:28:56.981" level="INFO">${result} = //div[text()=' Clube de Vantagens ']</msg>
<status status="PASS" starttime="20211006 09:28:56.980" endtime="20211006 09:28:56.981"/>
</kw>
<msg timestamp="20211006 09:28:56.981" level="INFO">${DivClubeDeVantagens} = //div[text()=' Clube de Vantagens ']</msg>
<status status="PASS" starttime="20211006 09:28:56.980" endtime="20211006 09:28:56.981"/>
</kw>
<kw name="Return Folder Path" library="folders">
<var>${FolderPath}</var>
<arg>Odonto</arg>
<arg>${CTID}</arg>
<msg timestamp="20211006 09:28:56.982" level="INFO">${FolderPath} = C:/Users/T01628/Documents/Projetos/2021/Meios de pagamento/Smoke//Odonto//CT-04</msg>
<status status="PASS" starttime="20211006 09:28:56.981" endtime="20211006 09:28:56.982"/>
</kw>
<kw name="Get Current Date" library="DateTime">
<var>${data}</var>
<doc>Returns current local or UTC time with an optional increment.</doc>
<msg timestamp="20211006 09:28:56.982" level="INFO">${data} = 2021-10-06 09:28:56.982</msg>
<status status="PASS" starttime="20211006 09:28:56.982" endtime="20211006 09:28:56.982"/>
</kw>
<kw name="Format Data For Screenshot" library="externalkeywords">
<var>${data}</var>
<arg>${data}</arg>
<msg timestamp="20211006 09:28:56.982" level="INFO">${data} = 2021-10-06_09_28_56.982</msg>
<status status="PASS" starttime="20211006 09:28:56.982" endtime="20211006 09:28:56.982"/>
</kw>
<kw name="Capture Page Screenshot" library="SeleniumLibrary">
<arg>${FolderPath}//printRobot_02_${data}.png</arg>
<doc>Takes a screenshot of the current page and embeds it into a log file.</doc>
<msg timestamp="20211006 09:28:57.161" level="INFO" html="true">&lt;/td&gt;&lt;/tr&gt;&lt;tr&gt;&lt;td colspan="3"&gt;&lt;a href="../../../Users/T01628/Documents/Projetos/2021/Meios%20de%20pagamento/Smoke/Odonto/CT-04/printRobot_02_2021-10-06_09_28_56.982.png"&gt;&lt;img src="../../../Users/T01628/Documents/Projetos/2021/Meios%20de%20pagamento/Smoke/Odonto/CT-04/printRobot_02_2021-10-06_09_28_56.982.png" width="800px"&gt;&lt;/a&gt;</msg>
<status status="PASS" starttime="20211006 09:28:56.983" endtime="20211006 09:28:57.162"/>
</kw>
<kw name="Click Element" library="SeleniumLibrary">
<arg>${DivClubeDeVantagens}</arg>
<doc>Click the element identified by ``locator``.</doc>
<msg timestamp="20211006 09:28:57.162" level="INFO">Clicking element '//div[text()=' Clube de Vantagens ']'.</msg>
<status status="PASS" starttime="20211006 09:28:57.162" endtime="20211006 09:28:57.274"/>
</kw>
<msg timestamp="20211006 09:28:57.274" level="INFO">${CTID} = CT-04</msg>
<status status="PASS" starttime="20211006 09:28:56.980" endtime="20211006 09:28:57.274"/>
</kw>
<kw name="Quando clico no botao Acessar Clube de Vantagens no modal Clube de Vantagens" library="resourceOdonto">
<var>${CTID}</var>
<arg>${CTID}</arg>
<kw name="Read Element Locator" library="resourceGeneral">
<var>${BotaoAcessarClubeDeVantagens}</var>
<arg>paginas[1].modais[5].modalClubeDeVantagens[0].botaoAcessarClubeDeVantagens</arg>
<kw name="Read Locators From Json" library="locators">
<var>${result}</var>
<arg>${JsonPath}</arg>
<msg timestamp="20211006 09:28:57.277" level="INFO">${result} = //button[text()=' Acessar Clube de Vantagens ']</msg>
<status status="PASS" starttime="20211006 09:28:57.276" endtime="20211006 09:28:57.277"/>
</kw>
<msg timestamp="20211006 09:28:57.277" level="INFO">${BotaoAcessarClubeDeVantagens} = //button[text()=' Acessar Clube de Vantagens ']</msg>
<status status="PASS" starttime="20211006 09:28:57.275" endtime="20211006 09:28:57.277"/>
</kw>
<kw name="Return Folder Path" library="folders">
<var>${FolderPath}</var>
<arg>Odonto</arg>
<arg>${CTID}</arg>
<msg timestamp="20211006 09:28:57.278" level="INFO">${FolderPath} = C:/Users/T01628/Documents/Projetos/2021/Meios de pagamento/Smoke//Odonto//CT-04</msg>
<status status="PASS" starttime="20211006 09:28:57.277" endtime="20211006 09:28:57.278"/>
</kw>
<kw name="Get Current Date" library="DateTime">
<var>${data}</var>
<doc>Returns current local or UTC time with an optional increment.</doc>
<msg timestamp="20211006 09:28:57.278" level="INFO">${data} = 2021-10-06 09:28:57.278</msg>
<status status="PASS" starttime="20211006 09:28:57.278" endtime="20211006 09:28:57.278"/>
</kw>
<kw name="Format Data For Screenshot" library="externalkeywords">
<var>${data}</var>
<arg>${data}</arg>
<msg timestamp="20211006 09:28:57.278" level="INFO">${data} = 2021-10-06_09_28_57.278</msg>
<status status="PASS" starttime="20211006 09:28:57.278" endtime="20211006 09:28:57.278"/>
</kw>
<kw name="Wait Until Element Is Enabled" library="SeleniumLibrary">
<arg>${BotaoAcessarClubeDeVantagens}</arg>
<doc>Waits until the element ``locator`` is enabled.</doc>
<status status="PASS" starttime="20211006 09:28:57.278" endtime="20211006 09:28:57.363"/>
</kw>
<kw name="Capture Page Screenshot" library="SeleniumLibrary">
<arg>${FolderPath}//printRobot_03_${data}.png</arg>
<doc>Takes a screenshot of the current page and embeds it into a log file.</doc>
<msg timestamp="20211006 09:28:57.738" level="INFO" html="true">&lt;/td&gt;&lt;/tr&gt;&lt;tr&gt;&lt;td colspan="3"&gt;&lt;a href="../../../Users/T01628/Documents/Projetos/2021/Meios%20de%20pagamento/Smoke/Odonto/CT-04/printRobot_03_2021-10-06_09_28_57.278.png"&gt;&lt;img src="../../../Users/T01628/Documents/Projetos/2021/Meios%20de%20pagamento/Smoke/Odonto/CT-04/printRobot_03_2021-10-06_09_28_57.278.png" width="800px"&gt;&lt;/a&gt;</msg>
<status status="PASS" starttime="20211006 09:28:57.364" endtime="20211006 09:28:57.738"/>
</kw>
<kw name="Click Button" library="SeleniumLibrary">
<arg>${BotaoAcessarClubeDeVantagens}</arg>
<doc>Clicks the button identified by ``locator``.</doc>
<msg timestamp="20211006 09:28:57.739" level="INFO">Clicking button '//button[text()=' Acessar Clube de Vantagens ']'.</msg>
<status status="PASS" starttime="20211006 09:28:57.738" endtime="20211006 09:28:57.824"/>
</kw>
<msg timestamp="20211006 09:28:57.825" level="INFO">${CTID} = CT-04</msg>
<status status="PASS" starttime="20211006 09:28:57.275" endtime="20211006 09:28:57.825"/>
</kw>
<kw name="Entao o site abre uma nova aba redirecionando para a pagina do Clube de Vantagens" library="resourceOdonto">
<arg>${CTID}</arg>
<kw name="Switch Window" library="SeleniumLibrary">
<arg>title:Clube de Vantagens Seguros Unimed</arg>
<doc>Switches to browser window matching ``locator``.</doc>
<status status="PASS" starttime="20211006 09:28:57.826" endtime="20211006 09:29:04.525"/>
</kw>
<kw name="Return Folder Path" library="folders">
<var>${FolderPath}</var>
<arg>Odonto</arg>
<arg>${CTID}</arg>
<msg timestamp="20211006 09:29:04.526" level="INFO">${FolderPath} = C:/Users/T01628/Documents/Projetos/2021/Meios de pagamento/Smoke//Odonto//CT-04</msg>
<status status="PASS" starttime="20211006 09:29:04.525" endtime="20211006 09:29:04.526"/>
</kw>
<kw name="Get Current Date" library="DateTime">
<var>${data}</var>
<doc>Returns current local or UTC time with an optional increment.</doc>
<msg timestamp="20211006 09:29:04.527" level="INFO">${data} = 2021-10-06 09:29:04.526</msg>
<status status="PASS" starttime="20211006 09:29:04.526" endtime="20211006 09:29:04.527"/>
</kw>
<kw name="Format Data For Screenshot" library="externalkeywords">
<var>${data}</var>
<arg>${data}</arg>
<msg timestamp="20211006 09:29:04.527" level="INFO">${data} = 2021-10-06_09_29_04.526</msg>
<status status="PASS" starttime="20211006 09:29:04.527" endtime="20211006 09:29:04.527"/>
</kw>
<kw name="Location Should Be" library="SeleniumLibrary">
<arg>https://clubedevantagens.segurosunimed.com.br/</arg>
<doc>Verifies that the current URL is exactly ``url``.</doc>
<msg timestamp="20211006 09:29:04.531" level="INFO">Current location is 'https://clubedevantagens.segurosunimed.com.br/'.</msg>
<status status="PASS" starttime="20211006 09:29:04.527" endtime="20211006 09:29:04.531"/>
</kw>
<kw name="Capture Page Screenshot" library="SeleniumLibrary">
<arg>${FolderPath}//printRobot_04_${data}.png</arg>
<doc>Takes a screenshot of the current page and embeds it into a log file.</doc>
<msg timestamp="20211006 09:29:04.809" level="INFO" html="true">&lt;/td&gt;&lt;/tr&gt;&lt;tr&gt;&lt;td colspan="3"&gt;&lt;a href="../../../Users/T01628/Documents/Projetos/2021/Meios%20de%20pagamento/Smoke/Odonto/CT-04/printRobot_04_2021-10-06_09_29_04.526.png"&gt;&lt;img src="../../../Users/T01628/Documents/Projetos/2021/Meios%20de%20pagamento/Smoke/Odonto/CT-04/printRobot_04_2021-10-06_09_29_04.526.png" width="800px"&gt;&lt;/a&gt;</msg>
<status status="PASS" starttime="20211006 09:29:04.531" endtime="20211006 09:29:04.809"/>
</kw>
<status status="PASS" starttime="20211006 09:28:57.825" endtime="20211006 09:29:04.810"/>
</kw>
<kw name="Close Browser" library="SeleniumLibrary" type="TEARDOWN">
<doc>Closes the current browser.</doc>
<status status="PASS" starttime="20211006 09:29:04.811" endtime="20211006 09:29:07.031"/>
</kw>
<tag>CT04</tag>
<tag>RegressivoFull</tag>
<tag>RegressivoOdonto</tag>
<tag>Smoke</tag>
<tag>SmokeOdonto</tag>
<status status="PASS" starttime="20211006 09:28:37.640" endtime="20211006 09:29:07.032"/>
</test>
<test id="s1-s1-s1-t5" name="Validar acesso ao Guia Medico e Odontologico via menu acesso rapido">
<kw name="Realizar login e maximizar a janela" library="resourceGeneral" type="SETUP">
<arg>Odonto</arg>
<kw name="Read Element Locator" library="resourceGeneral">
<var>${LinkClientePF}</var>
<arg>paginas[0].homeNaoLogado[0].linkClientePessoaFisica</arg>
<kw name="Read Locators From Json" library="locators">
<var>${result}</var>
<arg>${JsonPath}</arg>
[...]
<var>${data}</var>
<doc>Returns current local or UTC time with an optional increment.</doc>
<msg timestamp="20211006 09:41:56.645" level="INFO">${data} = 2021-10-06 09:41:56.644</msg>
<status status="PASS" starttime="20211006 09:41:56.644" endtime="20211006 09:41:56.645"/>
</kw>
<kw name="Format Data For Screenshot" library="externalkeywords">
<var>${data}</var>
<arg>${data}</arg>
<msg timestamp="20211006 09:41:56.645" level="INFO">${data} = 2021-10-06_09_41_56.644</msg>
<status status="PASS" starttime="20211006 09:41:56.645" endtime="20211006 09:41:56.645"/>
</kw>
<kw name="Capture Page Screenshot" library="SeleniumLibrary">
<arg>${FolderPath}//printRobot_02_${data}.png</arg>
<doc>Takes a screenshot of the current page and embeds it into a log file.</doc>
<msg timestamp="20211006 09:41:56.810" level="INFO" html="true">&lt;/td&gt;&lt;/tr&gt;&lt;tr&gt;&lt;td colspan="3"&gt;&lt;a href="../../../Users/T01628/Documents/Projetos/2021/Meios%20de%20pagamento/Smoke/Odonto/CT-34/printRobot_02_2021-10-06_09_41_56.644.png"&gt;&lt;img src="../../../Users/T01628/Documents/Projetos/2021/Meios%20de%20pagamento/Smoke/Odonto/CT-34/printRobot_02_2021-10-06_09_41_56.644.png" width="800px"&gt;&lt;/a&gt;</msg>
<status status="PASS" starttime="20211006 09:41:56.646" endtime="20211006 09:41:56.810"/>
</kw>
<msg timestamp="20211006 09:41:56.810" level="INFO">${CTID} = CT-34</msg>
<status status="PASS" starttime="20211006 09:41:56.234" endtime="20211006 09:41:56.810"/>
</kw>
<kw name="E clico no link do plano na coluna Produto" library="resourceOdonto">
<var>${Lista}</var>
<arg>${CTID}</arg>
<doc>Palavra chave utilizada em mais de um caso de teste</doc>
<kw name="Read Element Locator" library="resourceGeneral">
<var>${LinkProduto}</var>
<arg>paginas[0].paginaDoSegmento[0].odonto[1].meusPlanos[0].linkProduto</arg>
<kw name="Read Locators From Json" library="locators">
<var>${result}</var>
<arg>${JsonPath}</arg>
<msg timestamp="20211006 09:41:56.812" level="INFO">${result} = //tbody/tr[1]/td[2]/a</msg>
<status status="PASS" starttime="20211006 09:41:56.811" endtime="20211006 09:41:56.812"/>
</kw>
<msg timestamp="20211006 09:41:56.812" level="INFO">${LinkProduto} = //tbody/tr[1]/td[2]/a</msg>
<status status="PASS" starttime="20211006 09:41:56.811" endtime="20211006 09:41:56.812"/>
</kw>
<kw name="Wait Until Element Is Visible" library="SeleniumLibrary">
<arg>${LinkProduto}</arg>
<doc>Waits until the element ``locator`` is visible.</doc>
<status status="PASS" starttime="20211006 09:41:56.813" endtime="20211006 09:41:57.714"/>
</kw>
<kw name="Get Text" library="SeleniumLibrary">
<var>${PlanoOdonto}</var>
<arg>${LinkProduto}</arg>
<doc>Returns the text value of the element identified by ``locator``.</doc>
<msg timestamp="20211006 09:41:57.736" level="INFO">${PlanoOdonto} = Sou Essencial Pleno Seguros Unimed</msg>
<status status="PASS" starttime="20211006 09:41:57.714" endtime="20211006 09:41:57.736"/>
</kw>
<kw name="Return Folder Path" library="folders">
<var>${FolderPath}</var>
<arg>Odonto</arg>
<arg>${CTID}</arg>
<msg timestamp="20211006 09:41:57.737" level="INFO">${FolderPath} = C:/Users/T01628/Documents/Projetos/2021/Meios de pagamento/Smoke//Odonto//CT-34</msg>
<status status="PASS" starttime="20211006 09:41:57.736" endtime="20211006 09:41:57.737"/>
</kw>
<kw name="Get Current Date" library="DateTime">
<var>${data}</var>
<doc>Returns current local or UTC time with an optional increment.</doc>
<msg timestamp="20211006 09:41:57.737" level="INFO">${data} = 2021-10-06 09:41:57.737</msg>
<status status="PASS" starttime="20211006 09:41:57.737" endtime="20211006 09:41:57.737"/>
</kw>
<kw name="Format Data For Screenshot" library="externalkeywords">
<var>${data}</var>
<arg>${data}</arg>
<msg timestamp="20211006 09:41:57.737" level="INFO">${data} = 2021-10-06_09_41_57.737</msg>
<status status="PASS" starttime="20211006 09:41:57.737" endtime="20211006 09:41:57.737"/>
</kw>
<kw name="Create List" library="BuiltIn">
<var>${Lista}</var>
<arg>${CTID}</arg>
<arg>${PlanoOdonto}</arg>
<doc>Returns a list containing given items.</doc>
<msg timestamp="20211006 09:41:57.738" level="INFO">${Lista} = ['CT-34', 'Sou Essencial Pleno Seguros Unimed']</msg>
<status status="PASS" starttime="20211006 09:41:57.737" endtime="20211006 09:41:57.738"/>
</kw>
<kw name="Capture Page Screenshot" library="SeleniumLibrary">
<arg>${FolderPath}//printRobot_03_${data}.png</arg>
<doc>Takes a screenshot of the current page and embeds it into a log file.</doc>
<msg timestamp="20211006 09:41:57.931" level="INFO" html="true">&lt;/td&gt;&lt;/tr&gt;&lt;tr&gt;&lt;td colspan="3"&gt;&lt;a href="../../../Users/T01628/Documents/Projetos/2021/Meios%20de%20pagamento/Smoke/Odonto/CT-34/printRobot_03_2021-10-06_09_41_57.737.png"&gt;&lt;img src="../../../Users/T01628/Documents/Projetos/2021/Meios%20de%20pagamento/Smoke/Odonto/CT-34/printRobot_03_2021-10-06_09_41_57.737.png" width="800px"&gt;&lt;/a&gt;</msg>
<status status="PASS" starttime="20211006 09:41:57.738" endtime="20211006 09:41:57.931"/>
</kw>
<kw name="Click Link" library="SeleniumLibrary">
<arg>${LinkProduto}</arg>
<doc>Clicks a link identified by ``locator``.</doc>
<msg timestamp="20211006 09:41:57.932" level="INFO">Clicking link '//tbody/tr[1]/td[2]/a'.</msg>
<status status="PASS" starttime="20211006 09:41:57.932" endtime="20211006 09:41:57.997"/>
</kw>
<msg timestamp="20211006 09:41:57.997" level="INFO">${Lista} = ['CT-34', 'Sou Essencial Pleno Seguros Unimed']</msg>
<status status="PASS" starttime="20211006 09:41:56.811" endtime="20211006 09:41:57.997"/>
</kw>
<kw name="Quando clico no botao Cartao Digital na pagina de detalhes do plano" library="resourceOdonto">
<var>${CTID}</var>
<arg>${Lista[0]}</arg>
<doc>Palavra chave utilizada em mais de um caso de teste</doc>
<kw name="Read Element Locator" library="resourceGeneral">
<var>${DivCartaoDigital}</var>
<arg>paginas[0].paginaDoSegmento[0].odonto[2].detalhesDoPlano[1].divCartaoDigital</arg>
<kw name="Read Locators From Json" library="locators">
<var>${result}</var>
<arg>${JsonPath}</arg>
<msg timestamp="20211006 09:41:58.000" level="INFO">${result} = //div[text()=' Cartão digital ']</msg>
<status status="PASS" starttime="20211006 09:41:57.999" endtime="20211006 09:41:58.000"/>
</kw>
<msg timestamp="20211006 09:41:58.000" level="INFO">${DivCartaoDigital} = //div[text()=' Cartão digital ']</msg>
<status status="PASS" starttime="20211006 09:41:57.998" endtime="20211006 09:41:58.000"/>
</kw>
<kw name="Return Folder Path" library="folders">
<var>${FolderPath}</var>
<arg>Odonto</arg>
<arg>${CTID}</arg>
<msg timestamp="20211006 09:41:58.000" level="INFO">${FolderPath} = C:/Users/T01628/Documents/Projetos/2021/Meios de pagamento/Smoke//Odonto//CT-34</msg>
<status status="PASS" starttime="20211006 09:41:58.000" endtime="20211006 09:41:58.000"/>
</kw>
<kw name="Get Current Date" library="DateTime">
<var>${data}</var>
<doc>Returns current local or UTC time with an optional increment.</doc>
<msg timestamp="20211006 09:41:58.001" level="INFO">${data} = 2021-10-06 09:41:58.001</msg>
<status status="PASS" starttime="20211006 09:41:58.000" endtime="20211006 09:41:58.001"/>
</kw>
<kw name="Format Data For Screenshot" library="externalkeywords">
<var>${data}</var>
<arg>${data}</arg>
<msg timestamp="20211006 09:41:58.001" level="INFO">${data} = 2021-10-06_09_41_58.001</msg>
<status status="PASS" starttime="20211006 09:41:58.001" endtime="20211006 09:41:58.001"/>
</kw>
<kw name="Wait Until Element Is Visible" library="SeleniumLibrary">
<arg>${DivCartaoDigital}</arg>
<doc>Waits until the element ``locator`` is visible.</doc>
<status status="PASS" starttime="20211006 09:41:58.001" endtime="20211006 09:42:00.065"/>
</kw>
<kw name="Capture Page Screenshot" library="SeleniumLibrary">
<arg>${FolderPath}//printRobot_04_${data}.png</arg>
<doc>Takes a screenshot of the current page and embeds it into a log file.</doc>
<msg timestamp="20211006 09:42:00.201" level="INFO" html="true">&lt;/td&gt;&lt;/tr&gt;&lt;tr&gt;&lt;td colspan="3"&gt;&lt;a href="../../../Users/T01628/Documents/Projetos/2021/Meios%20de%20pagamento/Smoke/Odonto/CT-34/printRobot_04_2021-10-06_09_41_58.001.png"&gt;&lt;img src="../../../Users/T01628/Documents/Projetos/2021/Meios%20de%20pagamento/Smoke/Odonto/CT-34/printRobot_04_2021-10-06_09_41_58.001.png" width="800px"&gt;&lt;/a&gt;</msg>
<status status="PASS" starttime="20211006 09:42:00.066" endtime="20211006 09:42:00.201"/>
</kw>
<kw name="Click Element" library="SeleniumLibrary">
<arg>${DivCartaoDigital}</arg>
<doc>Click the element identified by ``locator``.</doc>
<msg timestamp="20211006 09:42:00.201" level="INFO">Clicking element '//div[text()=' Cartão digital ']'.</msg>
<status status="PASS" starttime="20211006 09:42:00.201" endtime="20211006 09:42:00.266"/>
</kw>
<msg timestamp="20211006 09:42:00.266" level="INFO">${CTID} = CT-34</msg>
<status status="PASS" starttime="20211006 09:41:57.998" endtime="20211006 09:42:00.266"/>
</kw>
<kw name="E clico no botao OK no modal Cartao Digital" library="resourceOdonto">
<var>${CTID}</var>
<arg>${CTID}</arg>
<kw name="Read Element Locator" library="resourceGeneral">
<var>${BotaoOK}</var>
<arg>paginas[1].modais[9].modalCartaoDigital[4].botaoOK</arg>
<kw name="Read Locators From Json" library="locators">
<var>${result}</var>
<arg>${JsonPath}</arg>
<msg timestamp="20211006 09:42:00.270" level="INFO">${result} = //div[@class='col-6 pl-2']/button[text()='OK' and @class='btn btn-unimed-primary btn-block']</msg>
<status status="PASS" starttime="20211006 09:42:00.268" endtime="20211006 09:42:00.270"/>
</kw>
<msg timestamp="20211006 09:42:00.270" level="INFO">${BotaoOK} = //div[@class='col-6 pl-2']/button[text()='OK' and @class='btn btn-unimed-primary btn-block']</msg>
<status status="PASS" starttime="20211006 09:42:00.267" endtime="20211006 09:42:00.270"/>
</kw>
<kw name="Return Folder Path" library="folders">
<var>${FolderPath}</var>
<arg>Odonto</arg>
<arg>${CTID}</arg>
<msg timestamp="20211006 09:42:00.271" level="INFO">${FolderPath} = C:/Users/T01628/Documents/Projetos/2021/Meios de pagamento/Smoke//Odonto//CT-34</msg>
<status status="PASS" starttime="20211006 09:42:00.270" endtime="20211006 09:42:00.271"/>
</kw>
<kw name="Get Current Date" library="DateTime">
<var>${data}</var>
<doc>Returns current local or UTC time with an optional increment.</doc>
<msg timestamp="20211006 09:42:00.271" level="INFO">${data} = 2021-10-06 09:42:00.271</msg>
<status status="PASS" starttime="20211006 09:42:00.271" endtime="20211006 09:42:00.271"/>
</kw>
<kw name="Format Data For Screenshot" library="externalkeywords">
<var>${data}</var>
<arg>${data}</arg>
<msg timestamp="20211006 09:42:00.272" level="INFO">${data} = 2021-10-06_09_42_00.271</msg>
<status status="PASS" starttime="20211006 09:42:00.271" endtime="20211006 09:42:00.272"/>
</kw>
<kw name="Sleep" library="BuiltIn">
<arg>2</arg>
<doc>Pauses the test executed for the given time.</doc>
<msg timestamp="20211006 09:42:02.277" level="INFO">Slept 2 seconds</msg>
<status status="PASS" starttime="20211006 09:42:00.272" endtime="20211006 09:42:02.277"/>
</kw>
<kw name="Capture Page Screenshot" library="SeleniumLibrary">
<arg>${FolderPath}//printRobot_05_${data}.png</arg>
<doc>Takes a screenshot of the current page and embeds it into a log file.</doc>
<msg timestamp="20211006 09:42:02.418" level="INFO" html="true">&lt;/td&gt;&lt;/tr&gt;&lt;tr&gt;&lt;td colspan="3"&gt;&lt;a href="../../../Users/T01628/Documents/Projetos/2021/Meios%20de%20pagamento/Smoke/Odonto/CT-34/printRobot_05_2021-10-06_09_42_00.271.png"&gt;&lt;img src="../../../Users/T01628/Documents/Projetos/2021/Meios%20de%20pagamento/Smoke/Odonto/CT-34/printRobot_05_2021-10-06_09_42_00.271.png" width="800px"&gt;&lt;/a&gt;</msg>
<status status="PASS" starttime="20211006 09:42:02.277" endtime="20211006 09:42:02.418"/>
</kw>
<kw name="Click Button" library="SeleniumLibrary">
<arg>${BotaoOK}</arg>
<doc>Clicks the button identified by ``locator``.</doc>
<msg timestamp="20211006 09:42:02.418" level="INFO">Clicking button '//div[@class='col-6 pl-2']/button[text()='OK' and @class='btn btn-unimed-primary btn-block']'.</msg>
<status status="PASS" starttime="20211006 09:42:02.418" endtime="20211006 09:42:02.503"/>
</kw>
<msg timestamp="20211006 09:42:02.503" level="INFO">${CTID} = CT-34</msg>
<status status="PASS" starttime="20211006 09:42:00.267" endtime="20211006 09:42:02.503"/>
</kw>
<kw name="Entao o site fecha o modal Cartao Digital" library="resourceOdonto">
<arg>${CTID}</arg>
<doc>Palavra chave utilizada em mais de um caso de teste</doc>
<kw name="Read Element Locator" library="resourceGeneral">
<var>${BotaoVoltar}</var>
<arg>paginas[1].modais[9].modalCartaoDigital[3].botaoVoltar</arg>
<kw name="Read Locators From Json" library="locators">
<var>${result}</var>
<arg>${JsonPath}</arg>
<msg timestamp="20211006 09:42:02.509" level="INFO">${result} = //button[text()='Voltar' and @class='btn btn-unimed-secondary border btn-block']</msg>
<status status="PASS" starttime="20211006 09:42:02.507" endtime="20211006 09:42:02.509"/>
</kw>
<msg timestamp="20211006 09:42:02.509" level="INFO">${BotaoVoltar} = //button[text()='Voltar' and @class='btn btn-unimed-secondary border btn-block']</msg>
<status status="PASS" starttime="20211006 09:42:02.506" endtime="20211006 09:42:02.509"/>
</kw>
<kw name="Return Folder Path" library="folders">
<var>${FolderPath}</var>
<arg>Odonto</arg>
<arg>${CTID}</arg>
<msg timestamp="20211006 09:42:02.510" level="INFO">${FolderPath} = C:/Users/T01628/Documents/Projetos/2021/Meios de pagamento/Smoke//Odonto//CT-34</msg>
<status status="PASS" starttime="20211006 09:42:02.509" endtime="20211006 09:42:02.510"/>
</kw>
<kw name="Get Current Date" library="DateTime">
<var>${data}</var>
<doc>Returns current local or UTC time with an optional increment.</doc>
<msg timestamp="20211006 09:42:02.510" level="INFO">${data} = 2021-10-06 09:42:02.510</msg>
<status status="PASS" starttime="20211006 09:42:02.510" endtime="20211006 09:42:02.510"/>
</kw>
<kw name="Format Data For Screenshot" library="externalkeywords">
<var>${data}</var>
<arg>${data}</arg>
<msg timestamp="20211006 09:42:02.510" level="INFO">${data} = 2021-10-06_09_42_02.510</msg>
<status status="PASS" starttime="20211006 09:42:02.510" endtime="20211006 09:42:02.510"/>
</kw>
<kw name="Sleep" library="BuiltIn">
<arg>2</arg>
<doc>Pauses the test executed for the given time.</doc>
<msg timestamp="20211006 09:42:04.524" level="INFO">Slept 2 seconds</msg>
<status status="PASS" starttime="20211006 09:42:02.510" endtime="20211006 09:42:04.524"/>
</kw>
<kw name="Capture Page Screenshot" library="SeleniumLibrary">
<arg>${FolderPath}//printRobot_06_${data}.png</arg>
<doc>Takes a screenshot of the current page and embeds it into a log file.</doc>
<msg timestamp="20211006 09:42:04.645" level="INFO" html="true">&lt;/td&gt;&lt;/tr&gt;&lt;tr&gt;&lt;td colspan="3"&gt;&lt;a href="../../../Users/T01628/Documents/Projetos/2021/Meios%20de%20pagamento/Smoke/Odonto/CT-34/printRobot_06_2021-10-06_09_42_02.510.png"&gt;&lt;img src="../../../Users/T01628/Documents/Projetos/2021/Meios%20de%20pagamento/Smoke/Odonto/CT-34/printRobot_06_2021-10-06_09_42_02.510.png" width="800px"&gt;&lt;/a&gt;</msg>
<status status="PASS" starttime="20211006 09:42:04.524" endtime="20211006 09:42:04.645"/>
</kw>
<kw name="Run Keyword And Return Status" library="BuiltIn">
<var>${status}</var>
<arg>click button</arg>
<arg>${BotaoVoltar}</arg>
<doc>Runs the given keyword with given arguments and returns the status as a Boolean value.</doc>
<kw name="Click Button" library="SeleniumLibrary">
<arg>${BotaoVoltar}</arg>
<doc>Clicks the button identified by ``locator``.</doc>
<msg timestamp="20211006 09:42:04.646" level="INFO">Clicking button '//button[text()='Voltar' and @class='btn btn-unimed-secondary border btn-block']'.</msg>
<kw name="Capture Page Screenshot" library="SeleniumLibrary">
<doc>Takes a screenshot of the current page and embeds it into a log file.</doc>
<msg timestamp="20211006 09:42:04.811" level="INFO" html="true">&lt;/td&gt;&lt;/tr&gt;&lt;tr&gt;&lt;td colspan="3"&gt;&lt;a href="selenium-screenshot-19.png"&gt;&lt;img src="selenium-screenshot-19.png" width="800px"&gt;&lt;/a&gt;</msg>
<status status="PASS" starttime="20211006 09:42:04.688" endtime="20211006 09:42:04.811"/>
</kw>
<msg timestamp="20211006 09:42:04.812" level="FAIL">ElementNotInteractableException: Message: element not interactable
  (Session info: chrome=94.0.4606.61)
</msg>
<status status="FAIL" starttime="20211006 09:42:04.646" endtime="20211006 09:42:04.812"/>
</kw>
<msg timestamp="20211006 09:42:04.812" level="INFO">${status} = False</msg>
<status status="PASS" starttime="20211006 09:42:04.645" endtime="20211006 09:42:04.812"/>
</kw>
<kw name="Pass Execution If" library="BuiltIn">
<arg>'${status}'=='False'</arg>
<arg>O modal foi fechado</arg>
<doc>Conditionally skips rest of the current test, setup, or teardown with PASS status.</doc>
<msg timestamp="20211006 09:42:04.812" level="INFO">Execution passed with message:
O modal foi fechado</msg>
<status status="PASS" starttime="20211006 09:42:04.812" endtime="20211006 09:42:04.813"/>
</kw>
<status status="PASS" starttime="20211006 09:42:02.505" endtime="20211006 09:42:04.813"/>
</kw>
<kw name="Close Browser" library="SeleniumLibrary" type="TEARDOWN">
<doc>Closes the current browser.</doc>
<status status="PASS" starttime="20211006 09:42:04.814" endtime="20211006 09:42:07.083"/>
</kw>
<tag>CT34</tag>
<tag>RegressivoFull</tag>
<tag>RegressivoOdonto</tag>
<tag>Smoke</tag>
<tag>SmokeOdonto</tag>
<status status="PASS" starttime="20211006 09:41:37.889" endtime="20211006 09:42:07.085">O modal foi fechado</status>
</test>
<status status="FAIL" starttime="20211006 09:27:19.487" endtime="20211006 09:42:07.096"/>
</suite>
<status status="FAIL" starttime="20211006 09:27:19.484" endtime="20211006 09:42:07.107"/>
</suite>
<status status="FAIL" starttime="20211006 09:27:19.459" endtime="20211006 09:42:07.112"/>
</suite>
<statistics>
<total>
<stat pass="31" fail="1" skip="0">All Tests</stat>
</total>
<tag>
<stat pass="1" fail="0" skip="0">CT01</stat>
<stat pass="1" fail="0" skip="0">CT02</stat>
<stat pass="1" fail="0" skip="0">CT03</stat>
<stat pass="1" fail="0" skip="0">CT04</stat>
<stat pass="1" fail="0" skip="0">CT05</stat>
<stat pass="1" fail="0" skip="0">CT06</stat>
<stat pass="1" fail="0" skip="0">CT07</stat>
<stat pass="1" fail="0" skip="0">CT08</stat>
<stat pass="1" fail="0" skip="0">CT09</stat>
<stat pass="1" fail="0" skip="0">CT10</stat>
<stat pass="1" fail="0" skip="0">CT11</stat>
<stat pass="1" fail="0" skip="0">CT12</stat>
<stat pass="1" fail="0" skip="0">CT13</stat>
<stat pass="1" fail="0" skip="0">CT14</stat>
<stat pass="1" fail="0" skip="0">CT15</stat>
<stat pass="1" fail="0" skip="0">CT16</stat>
<stat pass="1" fail="0" skip="0">CT17</stat>
<stat pass="1" fail="0" skip="0">CT18</stat>
<stat pass="1" fail="0" skip="0">CT19</stat>
<stat pass="1" fail="0" skip="0">CT20</stat>
<stat pass="0" fail="1" skip="0">CT21</stat>
<stat pass="1" fail="0" skip="0">CT24</stat>
<stat pass="1" fail="0" skip="0">CT25</stat>
<stat pass="1" fail="0" skip="0">CT26</stat>
<stat pass="1" fail="0" skip="0">CT27</stat>
<stat pass="1" fail="0" skip="0">CT28</stat>
<stat pass="1" fail="0" skip="0">CT29</stat>
<stat pass="1" fail="0" skip="0">CT30</stat>
<stat pass="1" fail="0" skip="0">CT31</stat>
<stat pass="1" fail="0" skip="0">CT32</stat>
<stat pass="1" fail="0" skip="0">CT33</stat>
<stat pass="1" fail="0" skip="0">CT34</stat>
<stat pass="31" fail="1" skip="0">RegressivoFull</stat>
<stat pass="31" fail="1" skip="0">RegressivoOdonto</stat>
<stat pass="31" fail="1" skip="0">Smoke</stat>
<stat pass="31" fail="1" skip="0">SmokeOdonto</stat>
</tag>
<suite>
<stat pass="31" fail="1" skip="0" id="s1" name="TestCases">TestCases</stat>
<stat pass="31" fail="1" skip="0" id="s1-s1" name="Odonto">TestCases.Odonto</stat>
<stat pass="31" fail="1" skip="0" id="s1-s1-s1" name="Odonto">TestCases.Odonto.Odonto</stat>
</suite>
</statistics>
<errors>
</errors>
</robot>
